2026-02-13 13:14:31,810 - quant-vnpy.app - INFO - __init__.py:16 - Logging system initialized
2026-02-13 13:14:49,674 - quant-vnpy.app - INFO - __init__.py:16 - Logging system initialized
2026-02-13 13:16:49,851 - quant-vnpy.app - INFO - __init__.py:16 - Logging system initialized
2026-02-13 13:17:02,442 - quant-vnpy.app - INFO - __init__.py:16 - Logging system initialized
2026-02-13 13:17:28,113 - quant-vnpy.app - INFO - __init__.py:16 - Logging system initialized
2026-02-13 13:17:50,195 - quant-vnpy.app - INFO - __init__.py:16 - Logging system initialized
2026-02-13 13:20:22,948 - quant-vnpy.app - INFO - __init__.py:16 - Logging system initialized
2026-02-13 13:20:23,665 - quant-vnpy.app - INFO - __init__.py:16 - Logging system initialized
2026-02-13 13:20:25,779 - quant-vnpy.backtest.api - INFO - routes.py:120 - Received request to run backtest with data: {'symbol': 'BTC/USDT', 'exchange': 'BINANCE', 'interval': '1m', 'start': '2023-01-01T00:00:00', 'end': '2023-01-31T23:59:59', 'strategy': 'demo', 'params': {}}
2026-02-13 13:21:35,299 - quant-vnpy.app - INFO - __init__.py:16 - Logging system initialized
2026-02-13 13:21:41,152 - quant-vnpy.backtest.api - INFO - routes.py:120 - Received request to run backtest with data: {'symbol': 'BTC/USDT', 'exchange': 'BINANCE', 'interval': '1m', 'start': '2023-01-01T00:00:00', 'end': '2023-01-31T23:59:59', 'strategy': 'demo', 'params': {}}
2026-02-13 13:21:41,152 - quant-vnpy.backtest.api - INFO - routes.py:144 - Converted interval string 1m to Interval enum 1m
2026-02-13 13:21:51,149 - quant-vnpy.app - INFO - __init__.py:16 - Logging system initialized
2026-02-13 13:21:54,358 - quant-vnpy.app - INFO - __init__.py:16 - Logging system initialized
2026-02-13 13:21:56,607 - quant-vnpy.backtest.api - INFO - routes.py:120 - Received request to run backtest with data: {'symbol': 'BTC/USDT', 'exchange': 'BINANCE', 'interval': '1m', 'start': '2023-01-01T00:00:00', 'end': '2023-01-31T23:59:59', 'strategy': 'demo', 'params': {}}
2026-02-13 13:21:56,608 - quant-vnpy.backtest.api - INFO - routes.py:155 - Converted interval string 1m to Interval enum 1m
2026-02-13 13:22:14,539 - quant-vnpy.app - INFO - __init__.py:16 - Logging system initialized
2026-02-13 13:22:22,914 - quant-vnpy.app - INFO - __init__.py:16 - Logging system initialized
2026-02-13 13:22:50,565 - quant-vnpy.backtest.api - INFO - routes.py:120 - Received request to run backtest with data: {'symbol': 'BTC/USDT', 'exchange': 'BINANCE', 'interval': '1m', 'start': '2023-01-01T00:00:00', 'end': '2023-01-31T23:59:59', 'strategy': 'demo', 'params': {}}
2026-02-13 13:24:55,014 - quant-vnpy.app - INFO - __init__.py:16 - Logging system initialized
2026-02-13 13:24:56,804 - quant-vnpy.backtest.api - INFO - routes.py:120 - Received request to run backtest with data: {'symbol': 'BTC/USDT', 'exchange': 'BINANCE', 'interval': '1m', 'start': '2023-01-01T00:00:00', 'end': '2023-01-31T23:59:59', 'strategy': 'demo', 'params': {}}
2026-02-13 13:24:56,805 - quant-vnpy.backtest.api - ERROR - routes.py:199 - Error running backtest: not enough values to unpack (expected 2, got 1)
2026-02-13 13:26:53,260 - quant-vnpy.app - INFO - __init__.py:16 - Logging system initialized
2026-02-13 13:26:58,932 - quant-vnpy.app - INFO - __init__.py:16 - Logging system initialized
2026-02-13 13:26:59,754 - quant-vnpy.app - INFO - __init__.py:16 - Logging system initialized
2026-02-13 13:27:17,791 - quant-vnpy.backtest.api - INFO - routes.py:120 - Received request to run backtest with data: {'symbol': '600000', 'exchange': 'SSE', 'interval': '1d', 'start': '2023-01-01T00:00:00', 'end': '2023-01-31T23:59:59', 'strategy': 'demo'}
2026-02-13 13:27:17,792 - quant-vnpy.backtest.api - ERROR - routes.py:225 - Error running backtest: not enough values to unpack (expected 2, got 1)
2026-02-13 13:27:49,266 - quant-vnpy.app - INFO - __init__.py:16 - Logging system initialized
2026-02-13 13:27:56,245 - quant-vnpy.backtest.api - INFO - routes.py:120 - Received request to run backtest with data: {'symbol': '600000', 'exchange': 'SSE', 'interval': '1d', 'start': '2023-01-01T00:00:00', 'end': '2023-01-31T23:59:59', 'strategy': 'demo'}
2026-02-13 13:27:56,246 - quant-vnpy.backtest.api - INFO - routes.py:155 - Created BacktestEngine instance: <internal.backtest.backtest_engine.BacktestEngine object at 0x0000020917740D70>
2026-02-13 13:27:56,246 - quant-vnpy.backtest.api - INFO - routes.py:158 - Parameters: symbol=600000, exchange=Exchange.SSE, exchange.value=SSE, interval=Interval.DAILY, start=2023-01-01 00:00:00, end=2023-01-31 23:59:59
2026-02-13 13:27:56,247 - quant-vnpy.backtest.api - ERROR - routes.py:170 - Error in set_parameters(): not enough values to unpack (expected 2, got 1)
2026-02-13 13:27:56,247 - quant-vnpy.backtest.api - ERROR - routes.py:234 - Error running backtest: not enough values to unpack (expected 2, got 1)
2026-02-13 13:28:39,791 - quant-vnpy.app - INFO - __init__.py:16 - Logging system initialized
2026-02-13 13:28:44,481 - quant-vnpy.backtest.api - INFO - routes.py:120 - Received request to run backtest with data: {'symbol': '600000', 'exchange': 'SSE', 'interval': '1d', 'start': '2023-01-01T00:00:00', 'end': '2023-01-31T23:59:59', 'strategy': 'demo'}
2026-02-13 13:28:44,482 - quant-vnpy.backtest.api - INFO - routes.py:155 - Created BacktestEngine instance: <internal.backtest.backtest_engine.BacktestEngine object at 0x000001DD69B10D70>
2026-02-13 13:28:44,482 - quant-vnpy.backtest.api - INFO - routes.py:158 - Parameters: symbol=600000, exchange=Exchange.SSE, exchange.value=SSE, interval=Interval.DAILY, start=2023-01-01 00:00:00, end=2023-01-31 23:59:59
2026-02-13 13:28:44,482 - quant-vnpy.backtest.api - INFO - routes.py:169 - Successfully set backtest parameters for 600000 from 2023-01-01 00:00:00 to 2023-01-31 23:59:59 with interval 1d
2026-02-13 13:28:44,482 - quant-vnpy.backtest.api - INFO - routes.py:182 - Running backtest for 600000 from 2023-01-01 00:00:00 to 2023-01-31 23:59:59 with strategy demo
2026-02-13 13:28:44,484 - quant-vnpy.backtest.api - ERROR - routes.py:189 - Error in run_backtesting(): No module named 'vnpy_sqlite'
2026-02-13 13:28:44,485 - quant-vnpy.backtest.api - ERROR - routes.py:235 - Error running backtest: No module named 'vnpy_sqlite'
2026-02-13 13:29:09,643 - quant-vnpy.backtest.api - INFO - routes.py:120 - Received request to run backtest with data: {'symbol': '600000', 'exchange': 'SSE', 'interval': '1d', 'start': '2023-01-01T00:00:00', 'end': '2023-01-31T23:59:59', 'strategy': 'demo'}
2026-02-13 13:29:09,643 - quant-vnpy.backtest.api - INFO - routes.py:155 - Created BacktestEngine instance: <internal.backtest.backtest_engine.BacktestEngine object at 0x000001DD69B242D0>
2026-02-13 13:29:09,644 - quant-vnpy.backtest.api - INFO - routes.py:158 - Parameters: symbol=600000, exchange=Exchange.SSE, exchange.value=SSE, interval=Interval.DAILY, start=2023-01-01 00:00:00, end=2023-01-31 23:59:59
2026-02-13 13:29:09,644 - quant-vnpy.backtest.api - INFO - routes.py:169 - Successfully set backtest parameters for 600000 from 2023-01-01 00:00:00 to 2023-01-31 23:59:59 with interval 1d
2026-02-13 13:29:09,645 - quant-vnpy.backtest.api - INFO - routes.py:182 - Running backtest for 600000 from 2023-01-01 00:00:00 to 2023-01-31 23:59:59 with strategy demo
2026-02-13 13:29:09,781 - quant-vnpy.backtest.api - INFO - routes.py:186 - Backtest completed for 600000 from 2023-01-01 00:00:00 to 2023-01-31 23:59:59 with strategy demo
2026-02-13 13:29:09,782 - quant-vnpy.backtest.api - INFO - routes.py:187 - run_backtesting() returned type: <class 'pandas.DataFrame'>, content: Empty DataFrame
Columns: []
Index: []
2026-02-13 13:29:09,782 - quant-vnpy.backtest.api - ERROR - routes.py:197 - Error in calculate_statistics(): The truth value of a DataFrame is ambiguous. Use a.empty, a.bool(), a.item(), a.any() or a.all().
2026-02-13 13:29:09,783 - quant-vnpy.backtest.api - ERROR - routes.py:235 - Error running backtest: The truth value of a DataFrame is ambiguous. Use a.empty, a.bool(), a.item(), a.any() or a.all().
2026-02-13 13:29:36,663 - quant-vnpy.app - INFO - __init__.py:16 - Logging system initialized
2026-02-13 13:29:41,787 - quant-vnpy.app - INFO - __init__.py:16 - Logging system initialized
2026-02-13 13:29:47,955 - quant-vnpy.app - INFO - __init__.py:16 - Logging system initialized
2026-02-13 13:29:53,224 - quant-vnpy.app - INFO - __init__.py:16 - Logging system initialized
2026-02-13 13:29:59,469 - quant-vnpy.backtest.api - INFO - routes.py:120 - Received request to run backtest with data: {'symbol': '600000', 'exchange': 'SSE', 'interval': '1d', 'start': '2023-01-01T00:00:00', 'end': '2023-01-31T23:59:59', 'strategy': 'demo'}
2026-02-13 13:29:59,470 - quant-vnpy.backtest.api - INFO - routes.py:155 - Created BacktestEngine instance: <internal.backtest.backtest_engine.BacktestEngine object at 0x0000018693550AD0>
2026-02-13 13:29:59,471 - quant-vnpy.backtest.api - INFO - routes.py:158 - Parameters: symbol=600000, exchange=Exchange.SSE, exchange.value=SSE, interval=Interval.DAILY, start=2023-01-01 00:00:00, end=2023-01-31 23:59:59
2026-02-13 13:29:59,471 - quant-vnpy.backtest.api - INFO - routes.py:169 - Successfully set backtest parameters for 600000 from 2023-01-01 00:00:00 to 2023-01-31 23:59:59 with interval 1d
2026-02-13 13:29:59,471 - quant-vnpy.backtest.api - INFO - routes.py:182 - Running backtest for 600000 from 2023-01-01 00:00:00 to 2023-01-31 23:59:59 with strategy demo
2026-02-13 13:29:59,489 - quant-vnpy.backtest.api - INFO - routes.py:186 - Backtest completed for 600000 from 2023-01-01 00:00:00 to 2023-01-31 23:59:59 with strategy demo
2026-02-13 13:29:59,490 - quant-vnpy.backtest.api - INFO - routes.py:187 - run_backtesting() returned type: <class 'pandas.DataFrame'>, content: Empty DataFrame
Columns: []
Index: []
2026-02-13 13:29:59,491 - quant-vnpy.backtest.api - INFO - routes.py:194 - Backtest statistics for 600000 from 2023-01-01 00:00:00 to 2023-01-31 23:59:59 with strategy demo: {}
2026-02-13 13:29:59,491 - quant-vnpy.backtest.api - INFO - routes.py:195 - calculate_statistics() returned type: <class 'dict'>, content: {}
2026-02-13 13:29:59,491 - quant-vnpy.backtest.api - INFO - routes.py:203 - get_trades() returned type: <class 'dict'>, length: 0
2026-02-13 13:30:23,284 - quant-vnpy.backtest.api - INFO - routes.py:120 - Received request to run backtest with data: {'symbol': 'BTC/USDT', 'exchange': 'BINANCE', 'interval': '1m', 'start': '2023-01-01T00:00:00', 'end': '2023-01-31T23:59:59', 'strategy': 'demo', 'params': {}}
2026-02-13 13:30:23,285 - quant-vnpy.backtest.api - INFO - routes.py:155 - Created BacktestEngine instance: <internal.backtest.backtest_engine.BacktestEngine object at 0x0000018693631F90>
2026-02-13 13:30:23,285 - quant-vnpy.backtest.api - INFO - routes.py:158 - Parameters: symbol=BTC/USDT, exchange=Exchange.LOCAL, exchange.value=LOCAL, interval=Interval.MINUTE, start=2023-01-01 00:00:00, end=2023-01-31 23:59:59
2026-02-13 13:30:23,285 - quant-vnpy.backtest.api - INFO - routes.py:169 - Successfully set backtest parameters for BTC/USDT from 2023-01-01 00:00:00 to 2023-01-31 23:59:59 with interval 1m
2026-02-13 13:30:23,286 - quant-vnpy.backtest.api - INFO - routes.py:182 - Running backtest for BTC/USDT from 2023-01-01 00:00:00 to 2023-01-31 23:59:59 with strategy demo
2026-02-13 13:30:23,288 - quant-vnpy.backtest.api - INFO - routes.py:186 - Backtest completed for BTC/USDT from 2023-01-01 00:00:00 to 2023-01-31 23:59:59 with strategy demo
2026-02-13 13:30:23,288 - quant-vnpy.backtest.api - INFO - routes.py:187 - run_backtesting() returned type: <class 'pandas.DataFrame'>, content: Empty DataFrame
Columns: []
Index: []
2026-02-13 13:30:23,288 - quant-vnpy.backtest.api - INFO - routes.py:194 - Backtest statistics for BTC/USDT from 2023-01-01 00:00:00 to 2023-01-31 23:59:59 with strategy demo: {}
2026-02-13 13:30:23,289 - quant-vnpy.backtest.api - INFO - routes.py:195 - calculate_statistics() returned type: <class 'dict'>, content: {}
2026-02-13 13:30:23,289 - quant-vnpy.backtest.api - INFO - routes.py:203 - get_trades() returned type: <class 'dict'>, length: 0
2026-02-13 13:32:22,763 - quant-vnpy.app - INFO - __init__.py:16 -  Logging system initialized
2026-02-13 13:40:03,786 - quant-vnpy.app - INFO - __init__.py:16 -  Logging system initialized
2026-02-13 13:40:04,484 - quant-vnpy.app - INFO - __init__.py:16 -  Logging system initialized
2026-02-13 13:40:10,522 - quant-vnpy.backtest.api - INFO - routes.py:124 - [reqId:c7e4cc71] Received request to run backtest with data: {'symbol': '600000', 'exchange': 'SSE', 'interval': '1d', 'start': '2023-01-01T00:00:00', 'end': '2023-01-31T23:59:59', 'strategy': 'demo'}
2026-02-13 13:40:10,523 - quant-vnpy.backtest.api - INFO - routes.py:159 - [reqId:c7e4cc71] Created BacktestEngine instance: <internal.backtest.backtest_engine.BacktestEngine object at 0x0000019815360C20>
2026-02-13 13:40:10,523 - quant-vnpy.backtest.api - INFO - routes.py:162 - [reqId:c7e4cc71] Parameters: symbol=600000, exchange=Exchange.SSE, exchange.value=SSE, interval=Interval.DAILY, start=2023-01-01 00:00:00, end=2023-01-31 23:59:59
2026-02-13 13:40:10,523 - quant-vnpy.backtest.api - INFO - routes.py:173 - [reqId:c7e4cc71] Successfully set backtest parameters for 600000 from 2023-01-01 00:00:00 to 2023-01-31 23:59:59 with interval 1d
2026-02-13 13:40:10,524 - quant-vnpy.backtest.api - INFO - routes.py:186 - [reqId:c7e4cc71] Running backtest for 600000 from 2023-01-01 00:00:00 to 2023-01-31 23:59:59 with strategy demo
2026-02-13 13:40:10,544 - quant-vnpy.backtest.api - INFO - routes.py:190 - [reqId:c7e4cc71] Backtest completed for 600000 from 2023-01-01 00:00:00 to 2023-01-31 23:59:59 with strategy demo
2026-02-13 13:40:10,545 - quant-vnpy.backtest.api - INFO - routes.py:191 - [reqId:c7e4cc71] run_backtesting() returned type: <class 'pandas.DataFrame'>, content: Empty DataFrame
Columns: []
Index: []
2026-02-13 13:40:10,546 - quant-vnpy.backtest.api - INFO - routes.py:198 - [reqId:c7e4cc71] Backtest statistics for 600000 from 2023-01-01 00:00:00 to 2023-01-31 23:59:59 with strategy demo: {}
2026-02-13 13:40:10,546 - quant-vnpy.backtest.api - INFO - routes.py:199 - [reqId:c7e4cc71] calculate_statistics() returned type: <class 'dict'>, content: {}
2026-02-13 13:40:10,546 - quant-vnpy.backtest.api - INFO - routes.py:207 - [reqId:c7e4cc71] get_trades() returned type: <class 'dict'>, length: 0
2026-02-13 13:46:45,825 - quant-vnpy.backtest.api - INFO - routes.py:124 - [reqId:c3aff5e6] Received request to run backtest with data: {'symbol': 'BTC/USDT', 'exchange': 'BINANCE', 'interval': '1m', 'start': '2023-01-01T00:00:00', 'end': '2023-01-31T23:59:59', 'strategy': 'demo', 'params': {}}
2026-02-13 13:46:45,826 - quant-vnpy.backtest.api - INFO - routes.py:159 - [reqId:c3aff5e6] Created BacktestEngine instance: <internal.backtest.backtest_engine.BacktestEngine object at 0x0000019815489D10>
2026-02-13 13:46:45,826 - quant-vnpy.backtest.api - INFO - routes.py:162 - [reqId:c3aff5e6] Parameters: symbol=BTC/USDT, exchange=Exchange.LOCAL, exchange.value=LOCAL, interval=Interval.MINUTE, start=2023-01-01 00:00:00, end=2023-01-31 23:59:59
2026-02-13 13:46:45,826 - quant-vnpy.backtest.api - INFO - routes.py:173 - [reqId:c3aff5e6] Successfully set backtest parameters for BTC/USDT from 2023-01-01 00:00:00 to 2023-01-31 23:59:59 with interval 1m
2026-02-13 13:46:45,827 - quant-vnpy.backtest.api - INFO - routes.py:186 - [reqId:c3aff5e6] Running backtest for BTC/USDT from 2023-01-01 00:00:00 to 2023-01-31 23:59:59 with strategy demo
2026-02-13 13:46:45,829 - quant-vnpy.backtest.api - INFO - routes.py:190 - [reqId:c3aff5e6] Backtest completed for BTC/USDT from 2023-01-01 00:00:00 to 2023-01-31 23:59:59 with strategy demo
2026-02-13 13:46:45,830 - quant-vnpy.backtest.api - INFO - routes.py:191 - [reqId:c3aff5e6] run_backtesting() returned type: <class 'pandas.DataFrame'>, content: Empty DataFrame
Columns: []
Index: []
2026-02-13 13:46:45,830 - quant-vnpy.backtest.api - INFO - routes.py:198 - [reqId:c3aff5e6] Backtest statistics for BTC/USDT from 2023-01-01 00:00:00 to 2023-01-31 23:59:59 with strategy demo: {}
2026-02-13 13:46:45,830 - quant-vnpy.backtest.api - INFO - routes.py:199 - [reqId:c3aff5e6] calculate_statistics() returned type: <class 'dict'>, content: {}
2026-02-13 13:46:45,831 - quant-vnpy.backtest.api - INFO - routes.py:207 - [reqId:c3aff5e6] get_trades() returned type: <class 'dict'>, length: 0
2026-02-13 13:47:35,310 - quant-vnpy.app - INFO - __init__.py:16 -  Logging system initialized
2026-02-13 13:47:38,519 - quant-vnpy.app - INFO - __init__.py:16 -  Logging system initialized
2026-02-13 13:47:39,440 - quant-vnpy.backtest.api - INFO - routes.py:124 - [reqId:ffd4271e-a295-4f40-b060-2eda6bd2913d] Received request to run backtest with data: {'symbol': 'BTC/USDT', 'exchange': 'BINANCE', 'interval': '1m', 'start': '2023-01-01T00:00:00', 'end': '2023-01-31T23:59:59', 'strategy': 'demo', 'params': {}}
2026-02-13 13:47:39,441 - quant-vnpy.backtest.api - INFO - routes.py:159 - [reqId:ffd4271e-a295-4f40-b060-2eda6bd2913d] Created BacktestEngine instance: <internal.backtest.backtest_engine.BacktestEngine object at 0x000001C5D78C4C20>
2026-02-13 13:47:39,441 - quant-vnpy.backtest.api - INFO - routes.py:162 - [reqId:ffd4271e-a295-4f40-b060-2eda6bd2913d] Parameters: symbol=BTC/USDT, exchange=Exchange.LOCAL, exchange.value=LOCAL, interval=Interval.MINUTE, start=2023-01-01 00:00:00, end=2023-01-31 23:59:59
2026-02-13 13:47:39,441 - quant-vnpy.backtest.api - INFO - routes.py:173 - [reqId:ffd4271e-a295-4f40-b060-2eda6bd2913d] Successfully set backtest parameters for BTC/USDT from 2023-01-01 00:00:00 to 2023-01-31 23:59:59 with interval 1m
2026-02-13 13:47:39,441 - quant-vnpy.backtest.api - INFO - routes.py:186 - [reqId:ffd4271e-a295-4f40-b060-2eda6bd2913d] Running backtest for BTC/USDT from 2023-01-01 00:00:00 to 2023-01-31 23:59:59 with strategy demo
2026-02-13 13:47:39,461 - quant-vnpy.backtest.api - INFO - routes.py:190 - [reqId:ffd4271e-a295-4f40-b060-2eda6bd2913d] Backtest completed for BTC/USDT from 2023-01-01 00:00:00 to 2023-01-31 23:59:59 with strategy demo
2026-02-13 13:47:39,462 - quant-vnpy.backtest.api - INFO - routes.py:191 - [reqId:ffd4271e-a295-4f40-b060-2eda6bd2913d] run_backtesting() returned type: <class 'pandas.DataFrame'>, content: Empty DataFrame
Columns: []
Index: []
2026-02-13 13:47:39,463 - quant-vnpy.backtest.api - INFO - routes.py:198 - [reqId:ffd4271e-a295-4f40-b060-2eda6bd2913d] Backtest statistics for BTC/USDT from 2023-01-01 00:00:00 to 2023-01-31 23:59:59 with strategy demo: {}
2026-02-13 13:47:39,463 - quant-vnpy.backtest.api - INFO - routes.py:199 - [reqId:ffd4271e-a295-4f40-b060-2eda6bd2913d] calculate_statistics() returned type: <class 'dict'>, content: {}
2026-02-13 13:47:39,463 - quant-vnpy.backtest.api - INFO - routes.py:207 - [reqId:ffd4271e-a295-4f40-b060-2eda6bd2913d] get_trades() returned type: <class 'dict'>, length: 0
2026-02-13 13:48:48,321 - quant-vnpy.app - INFO - __init__.py:16 -  Logging system initialized
2026-02-13 13:48:57,802 - quant-vnpy.app - INFO - __init__.py:16 -  Logging system initialized
2026-02-13 13:49:10,328 - quant-vnpy.app - INFO - __init__.py:16 -  Logging system initialized
2026-02-13 13:49:15,459 - quant-vnpy.app - INFO - __init__.py:16 -  Logging system initialized
2026-02-13 13:49:34,330 - quant-vnpy.app - INFO - __init__.py:16 -  Logging system initialized
2026-02-13 13:49:40,625 - quant-vnpy.app - INFO - __init__.py:16 -  Logging system initialized
2026-02-13 13:49:50,004 - quant-vnpy.app - INFO - __init__.py:16 -  Logging system initialized
2026-02-13 13:49:56,269 - quant-vnpy.app - INFO - __init__.py:16 -  Logging system initialized
2026-02-13 13:50:09,917 - quant-vnpy.app - INFO - __init__.py:16 -  Logging system initialized
2026-02-13 13:50:16,585 - quant-vnpy.backtest.api - ERROR - routes.py:227 - [reqId:c06aea27-e56e-4611-8dc9-224342cc686f] Error running backtest: 'str' object has no attribute 'value'
2026-02-13 13:51:39,429 - quant-vnpy.app - INFO - __init__.py:16 -  Logging system initialized
2026-02-13 13:51:42,452 - quant-vnpy.backtest.api - INFO - routes.py:133 - [reqId:519693c7-5841-4996-be7f-7823e9a9209f] Parameters: symbol=BTC/USDT, exchange=BINANCE, interval=1m, start=2023-01-01 00:00:00, end=2023-01-31 23:59:59
2026-02-13 13:51:42,477 - quant-vnpy.backtest.api - INFO - routes.py:196 - [reqId:519693c7-5841-4996-be7f-7823e9a9209f] get_trades() returned type: <class 'dict'>, length: 0
2026-02-13 13:52:25,741 - quant-vnpy.app - INFO - __init__.py:16 -  Logging system initialized
2026-02-13 13:52:27,235 - quant-vnpy.backtest.api - INFO - routes.py:133 - [reqId:a31f39dd-e07a-4e50-8bef-8d6d8e79cafc] Parameters: strategy_name=demo, symbol=BTC/USDT, exchange=BINANCE, interval=1m, start=2023-01-01 00:00:00, end=2023-01-31 23:59:59
2026-02-13 13:52:27,257 - quant-vnpy.backtest.api - INFO - routes.py:196 - [reqId:a31f39dd-e07a-4e50-8bef-8d6d8e79cafc] get_trades() returned type: <class 'dict'>, length: 0
2026-02-13 13:56:17,097 - quant-vnpy.app - INFO - __init__.py:16 -  Logging system initialized
2026-02-13 13:56:27,801 - quant-vnpy.app - INFO - __init__.py:16 -  Logging system initialized
2026-02-13 13:56:36,445 - quant-vnpy.backtest.api - INFO - routes.py:136 - [reqId:c105b3ee-42cb-4529-88e9-610a2d35ccf7] Parameters: strategy_name=demo, symbol=600000, exchange=SSE, interval=1d, start=2026-01-14 13:56:36.445043, end=2026-02-13 13:56:36.445043
2026-02-13 13:56:36,466 - quant-vnpy.backtest.api - INFO - routes.py:199 - [reqId:c105b3ee-42cb-4529-88e9-610a2d35ccf7] get_trades() returned type: <class 'dict'>, length: 0
2026-02-13 13:57:12,127 - quant-vnpy.backtest.api - INFO - routes.py:136 - [reqId:cc5bc1fc-6255-4aa9-a61a-870aac2e588f] Parameters: strategy_name=demo, symbol=BTC/USDT, exchange=BINANCE, interval=1m, start=2023-01-01 00:00:00, end=2023-01-31 23:59:59
2026-02-13 13:57:12,130 - quant-vnpy.backtest.api - INFO - routes.py:199 - [reqId:cc5bc1fc-6255-4aa9-a61a-870aac2e588f] get_trades() returned type: <class 'dict'>, length: 0
2026-02-13 13:58:16,557 - quant-vnpy.app - INFO - __init__.py:16 -  Logging system initialized
2026-02-13 13:58:27,938 - quant-vnpy.backtest.api - ERROR - routes.py:230 - [reqId:1823d73a-fbbf-4b91-82fc-a531938eea48] Error running backtest: Invalid isoformat string: ''
2026-02-13 13:59:27,420 - quant-vnpy.app - INFO - __init__.py:16 -  Logging system initialized
2026-02-13 13:59:34,841 - quant-vnpy.backtest.api - INFO - routes.py:136 - [reqId:788fc550-24d6-4b59-b907-73e3ade36388] Parameters: strategy_name=demo, symbol=BTC/USDT, exchange=BINANCE, interval=1m, start=2026-01-14 13:59:34.841459, end=2026-02-13 13:59:34.841459
2026-02-13 13:59:34,868 - quant-vnpy.backtest.api - INFO - routes.py:199 - [reqId:788fc550-24d6-4b59-b907-73e3ade36388] get_trades() returned type: <class 'dict'>, length: 0
2026-02-13 14:01:57,485 - quant-vnpy.app - INFO - __init__.py:16 -  Logging system initialized
2026-02-13 14:02:39,755 - quant-vnpy.backtest.api - INFO - routes.py:136 - [reqId:0ba5a64a-d372-4d59-84d7-06c9b9f19def] Parameters: strategy_name=demo, symbol=601179, exchange=BINANCE, interval=1m, start=2026-01-14 14:02:39.755142, end=2026-02-13 14:02:39.755142
2026-02-13 14:02:39,773 - quant-vnpy.backtest.api - INFO - routes.py:199 - [reqId:0ba5a64a-d372-4d59-84d7-06c9b9f19def] get_trades() returned type: <class 'dict'>, length: 0
2026-02-13 14:02:53,885 - quant-vnpy.backtest.api - INFO - routes.py:136 - [reqId:01c6e532-9b81-47df-8c9d-088ea6498bbc] Parameters: strategy_name=rsi, symbol=601179, exchange=BINANCE, interval=1m, start=2026-01-14 14:02:53.885716, end=2026-02-13 14:02:53.885716
2026-02-13 14:02:53,895 - quant-vnpy.backtest.api - INFO - routes.py:199 - [reqId:01c6e532-9b81-47df-8c9d-088ea6498bbc] get_trades() returned type: <class 'dict'>, length: 0
2026-02-13 14:03:40,733 - quant-vnpy.backtest.api - INFO - routes.py:136 - [reqId:d44b29b4-78cd-4af6-a54d-13e5d713b61d] Parameters: strategy_name=rsi, symbol=601179, exchange=SSE, interval=1m, start=2026-01-14 14:03:40.733329, end=2026-02-13 14:03:40.733329
2026-02-13 14:03:40,737 - quant-vnpy.backtest.api - INFO - routes.py:199 - [reqId:d44b29b4-78cd-4af6-a54d-13e5d713b61d] get_trades() returned type: <class 'dict'>, length: 0
2026-02-13 14:04:11,607 - quant-vnpy.app - INFO - __init__.py:16 -  Logging system initialized
2026-02-13 14:04:27,292 - quant-vnpy.app - INFO - __init__.py:16 -  Logging system initialized
2026-02-13 14:04:33,844 - quant-vnpy.backtest.api - INFO - routes.py:136 - [reqId:16a5b5d7-89d5-4d1d-aeb5-9a633613fe4e] Parameters: strategy_name=rsi, symbol=601179, exchange=SSE, interval=1m, start=2026-01-14 14:04:33.844709, end=2026-02-13 14:04:33.844709
2026-02-13 14:04:33,868 - quant-vnpy.backtest.api - INFO - routes.py:199 - [reqId:16a5b5d7-89d5-4d1d-aeb5-9a633613fe4e] get_trades() returned type: <class 'dict'>, length: 0
2026-02-13 14:05:19,873 - quant-vnpy.app - INFO - __init__.py:16 -  Logging system initialized
2026-02-13 14:05:31,450 - quant-vnpy.app - INFO - __init__.py:16 -  Logging system initialized
2026-02-13 14:05:38,769 - quant-vnpy.app - INFO - __init__.py:16 -  Logging system initialized
2026-02-13 14:05:48,683 - quant-vnpy.backtest.api - INFO - routes.py:136 - [reqId:0fadc515-41de-41ab-8b29-f79265184eee] Parameters: strategy_name=rsi, symbol=601179, exchange=SSE, interval=1d, start=2026-01-14 14:05:48.683614, end=2026-02-13 14:05:48.683614
2026-02-13 14:05:48,684 - quant-vnpy.backtest.engine - INFO - backtest_engine.py:91 - [reqId:0fadc515-41de-41ab-8b29-f79265184eee] 开始运行回测，历史数据数量: 0
2026-02-13 14:05:48,687 - quant-vnpy.backtest.engine - WARNING - backtest_engine.py:93 - [reqId:0fadc515-41de-41ab-8b29-f79265184eee] 历史数据为空，请检查数据库中是否有对应的数据
2026-02-13 14:05:48,707 - quant-vnpy.backtest.engine - INFO - backtest_engine.py:100 - [reqId:0fadc515-41de-41ab-8b29-f79265184eee] 回测完成，成交记录数量: 0
2026-02-13 14:05:48,707 - quant-vnpy.backtest.engine - INFO - backtest_engine.py:91 - [reqId:0fadc515-41de-41ab-8b29-f79265184eee] 开始运行回测，历史数据数量: 0
2026-02-13 14:05:48,707 - quant-vnpy.backtest.engine - WARNING - backtest_engine.py:93 - [reqId:0fadc515-41de-41ab-8b29-f79265184eee] 历史数据为空，请检查数据库中是否有对应的数据
2026-02-13 14:05:48,708 - quant-vnpy.backtest.engine - INFO - backtest_engine.py:100 - [reqId:0fadc515-41de-41ab-8b29-f79265184eee] 回测完成，成交记录数量: 0
2026-02-13 14:05:48,708 - quant-vnpy.backtest.api - INFO - routes.py:199 - [reqId:0fadc515-41de-41ab-8b29-f79265184eee] get_trades() returned type: <class 'dict'>, length: 0
2026-02-13 14:08:56,527 - quant-vnpy.app - INFO - __init__.py:16 -  Logging system initialized
2026-02-13 14:08:59,735 - quant-vnpy.backtest.api - INFO - routes.py:136 - [reqId:ffd7773f-e18e-414e-86e1-a07334103d07] Parameters: strategy_name=rsi, symbol=601179, exchange=SSE, interval=1m, start=2026-01-14 14:08:59.735596, end=2026-02-13 14:08:59.735596
2026-02-13 14:08:59,779 - quant-vnpy.backtest.engine - INFO - backtest_engine.py:91 - [reqId:ffd7773f-e18e-414e-86e1-a07334103d07] 开始运行回测，历史数据数量: 0
2026-02-13 14:08:59,779 - quant-vnpy.backtest.engine - WARNING - backtest_engine.py:93 - [reqId:ffd7773f-e18e-414e-86e1-a07334103d07] 历史数据为空，请检查数据库中是否有对应的数据
2026-02-13 14:08:59,782 - quant-vnpy.backtest.engine - INFO - backtest_engine.py:100 - [reqId:ffd7773f-e18e-414e-86e1-a07334103d07] 回测完成，成交记录数量: 0
2026-02-13 14:08:59,782 - quant-vnpy.backtest.engine - INFO - backtest_engine.py:91 - [reqId:ffd7773f-e18e-414e-86e1-a07334103d07] 开始运行回测，历史数据数量: 0
2026-02-13 14:08:59,783 - quant-vnpy.backtest.engine - WARNING - backtest_engine.py:93 - [reqId:ffd7773f-e18e-414e-86e1-a07334103d07] 历史数据为空，请检查数据库中是否有对应的数据
2026-02-13 14:08:59,783 - quant-vnpy.backtest.engine - INFO - backtest_engine.py:100 - [reqId:ffd7773f-e18e-414e-86e1-a07334103d07] 回测完成，成交记录数量: 0
2026-02-13 14:08:59,784 - quant-vnpy.backtest.api - INFO - routes.py:200 - [reqId:ffd7773f-e18e-414e-86e1-a07334103d07] get_trades() returned type: <class 'dict'>, length: 0
2026-02-13 14:12:45,471 - quant-vnpy.app - INFO - __init__.py:16 -  Logging system initialized
2026-02-13 14:13:03,626 - quant-vnpy.app - INFO - __init__.py:16 -  Logging system initialized
2026-02-13 14:16:08,891 - quant-vnpy.app - INFO - __init__.py:15 -  Logging system initialized
2026-02-13 14:16:08,894 - quant-vnpy.vnpy_init - ERROR - vnpy_init.py:54 -  无法导入 vnpy 数据库模块: cannot import name 'database_manager' from 'vnpy.trader.database' (D:\深度学习\代码\量化\quant-vnpy\.venv\Lib\site-packages\vnpy\trader\database.py)
2026-02-13 14:16:08,894 - quant-vnpy.vnpy_init - WARNING - vnpy_init.py:55 -  vnpy 数据库功能将不可用
2026-02-13 14:16:34,083 - quant-vnpy.app - INFO - __init__.py:16 -  Logging system initialized
2026-02-13 14:16:34,084 - quant-vnpy.vnpy_init - ERROR - vnpy_init.py:54 -  无法导入 vnpy 数据库模块: cannot import name 'database_manager' from 'vnpy.trader.database' (D:\深度学习\代码\量化\quant-vnpy\.venv\Lib\site-packages\vnpy\trader\database.py)
2026-02-13 14:16:34,084 - quant-vnpy.vnpy_init - WARNING - vnpy_init.py:55 -  vnpy 数据库功能将不可用
2026-02-13 14:17:34,648 - quant-vnpy.app - INFO - __init__.py:16 -  Logging system initialized
2026-02-13 14:17:34,651 - quant-vnpy.vnpy_init - INFO - vnpy_init.py:24 -  初始化 vnpy 数据库: <property object at 0x0000025DB5D116C0>@<property object at 0x0000025DB5D11530>:<property object at 0x0000025DB5D11670>/<property object at 0x0000025DB5D11620>
2026-02-13 14:17:34,718 - quant-vnpy.vnpy_init - ERROR - vnpy_init.py:57 -  初始化 vnpy 数据库失败: module 'vnpy_mysql.mysql_database' has no attribute 'connect'
2026-02-13 14:17:34,718 - quant-vnpy.vnpy_init - WARNING - vnpy_init.py:58 -  vnpy 数据库功能将不可用
2026-02-13 14:17:35,982 - quant-vnpy.app - INFO - __init__.py:16 -  Logging system initialized
2026-02-13 14:17:35,983 - quant-vnpy.vnpy_init - INFO - vnpy_init.py:24 -  初始化 vnpy 数据库: <property object at 0x0000026C14F3D6C0>@<property object at 0x0000026C14F3D530>:<property object at 0x0000026C14F3D670>/<property object at 0x0000026C14F3D620>
2026-02-13 14:17:36,042 - quant-vnpy.vnpy_init - ERROR - vnpy_init.py:57 -  初始化 vnpy 数据库失败: module 'vnpy_mysql.mysql_database' has no attribute 'connect'
2026-02-13 14:17:36,043 - quant-vnpy.vnpy_init - WARNING - vnpy_init.py:58 -  vnpy 数据库功能将不可用
2026-02-13 14:30:29,455 - quant-vnpy.app - INFO - __init__.py:16 -  Logging system initialized
2026-02-13 14:30:29,457 - quant-vnpy.vnpy_init - INFO - vnpy_init.py:24 -  初始化 vnpy 数据库: <property object at 0x0000023CFA26D620>@<property object at 0x0000023CFA26D490>:<property object at 0x0000023CFA26D5D0>/<property object at 0x0000023CFA26D580>
2026-02-13 14:30:29,508 - quant-vnpy.vnpy_init - ERROR - vnpy_init.py:59 -  初始化 vnpy 数据库失败: (1045, "Access denied for user '李兴宁'@'localhost' (using password: NO)")
2026-02-13 14:30:29,509 - quant-vnpy.vnpy_init - WARNING - vnpy_init.py:60 -  vnpy 数据库功能将不可用
2026-02-13 14:31:14,893 - quant-vnpy.app - INFO - __init__.py:16 -  Logging system initialized
2026-02-13 14:31:14,895 - quant-vnpy.vnpy_init - INFO - vnpy_init.py:24 -  初始化 vnpy 数据库: <property object at 0x0000020D1F0AD620>@<property object at 0x0000020D1F0AD490>:<property object at 0x0000020D1F0AD5D0>/<property object at 0x0000020D1F0AD580>
2026-02-13 14:31:14,947 - quant-vnpy.vnpy_init - ERROR - vnpy_init.py:55 -  初始化 vnpy 数据库失败: (1045, "Access denied for user '李兴宁'@'localhost' (using password: NO)")
2026-02-13 14:31:14,948 - quant-vnpy.vnpy_init - WARNING - vnpy_init.py:56 -  vnpy 数据库功能将不可用
2026-02-13 14:31:22,384 - quant-vnpy.app - INFO - __init__.py:16 -  Logging system initialized
2026-02-13 14:31:22,385 - quant-vnpy.vnpy_init - INFO - vnpy_init.py:24 -  初始化 vnpy 数据库: <property object at 0x000002930396D670>@<property object at 0x000002930396D4E0>:<property object at 0x000002930396D620>/<property object at 0x000002930396D5D0>
2026-02-13 14:31:22,434 - quant-vnpy.vnpy_init - ERROR - vnpy_init.py:55 -  初始化 vnpy 数据库失败: (1045, "Access denied for user '李兴宁'@'localhost' (using password: NO)")
2026-02-13 14:31:22,434 - quant-vnpy.vnpy_init - WARNING - vnpy_init.py:56 -  vnpy 数据库功能将不可用
2026-02-13 14:31:23,212 - quant-vnpy.app - INFO - __init__.py:16 -  Logging system initialized
2026-02-13 14:31:23,213 - quant-vnpy.vnpy_init - INFO - vnpy_init.py:24 -  初始化 vnpy 数据库: <property object at 0x00000209959BD5D0>@<property object at 0x00000209959BD440>:<property object at 0x00000209959BD580>/<property object at 0x00000209959BD530>
2026-02-13 14:31:23,270 - quant-vnpy.vnpy_init - ERROR - vnpy_init.py:55 -  初始化 vnpy 数据库失败: (1045, "Access denied for user '李兴宁'@'localhost' (using password: NO)")
2026-02-13 14:31:23,271 - quant-vnpy.vnpy_init - WARNING - vnpy_init.py:56 -  vnpy 数据库功能将不可用
2026-02-13 14:31:55,005 - quant-vnpy.app - INFO - __init__.py:16 -  Logging system initialized
2026-02-13 14:31:55,009 - quant-vnpy.vnpy_init - INFO - vnpy_init.py:25 -  初始化 vnpy 数据库: root@localhost:3306/vnpy
2026-02-13 14:31:55,056 - quant-vnpy.vnpy_init - ERROR - vnpy_init.py:56 -  初始化 vnpy 数据库失败: (1045, "Access denied for user '李兴宁'@'localhost' (using password: NO)")
2026-02-13 14:31:55,056 - quant-vnpy.vnpy_init - WARNING - vnpy_init.py:57 -  vnpy 数据库功能将不可用
2026-02-13 14:32:02,654 - quant-vnpy.app - INFO - __init__.py:16 -  Logging system initialized
2026-02-13 14:32:02,657 - quant-vnpy.vnpy_init - INFO - vnpy_init.py:25 -  初始化 vnpy 数据库: root@localhost:3306/vnpy
2026-02-13 14:32:02,710 - quant-vnpy.vnpy_init - ERROR - vnpy_init.py:56 -  初始化 vnpy 数据库失败: (1045, "Access denied for user '李兴宁'@'localhost' (using password: NO)")
2026-02-13 14:32:02,710 - quant-vnpy.vnpy_init - WARNING - vnpy_init.py:57 -  vnpy 数据库功能将不可用
2026-02-13 14:32:03,481 - quant-vnpy.app - INFO - __init__.py:16 -  Logging system initialized
2026-02-13 14:32:03,484 - quant-vnpy.vnpy_init - INFO - vnpy_init.py:25 -  初始化 vnpy 数据库: root@localhost:3306/vnpy
2026-02-13 14:32:03,530 - quant-vnpy.vnpy_init - ERROR - vnpy_init.py:56 -  初始化 vnpy 数据库失败: (1045, "Access denied for user '李兴宁'@'localhost' (using password: NO)")
2026-02-13 14:32:03,530 - quant-vnpy.vnpy_init - WARNING - vnpy_init.py:57 -  vnpy 数据库功能将不可用
2026-02-13 14:32:50,278 - quant-vnpy.app - INFO - __init__.py:16 -  Logging system initialized
2026-02-13 14:32:50,285 - quant-vnpy.vnpy_init - INFO - vnpy_init.py:25 -  初始化 vnpy 数据库: root@localhost:3306/vnpy
2026-02-13 14:32:50,361 - quant-vnpy.vnpy_init - ERROR - vnpy_init.py:56 -  初始化 vnpy 数据库失败: (1045, "Access denied for user 'root'@'localhost' (using password: YES)")
2026-02-13 14:32:50,361 - quant-vnpy.vnpy_init - WARNING - vnpy_init.py:57 -  vnpy 数据库功能将不可用
2026-02-13 14:32:57,679 - quant-vnpy.app - INFO - __init__.py:16 -  Logging system initialized
2026-02-13 14:32:57,683 - quant-vnpy.vnpy_init - INFO - vnpy_init.py:25 -  初始化 vnpy 数据库: root@localhost:3306/vnpy
2026-02-13 14:32:57,746 - quant-vnpy.vnpy_init - ERROR - vnpy_init.py:56 -  初始化 vnpy 数据库失败: (1045, "Access denied for user 'root'@'localhost' (using password: YES)")
2026-02-13 14:32:57,746 - quant-vnpy.vnpy_init - WARNING - vnpy_init.py:57 -  vnpy 数据库功能将不可用
2026-02-13 14:32:58,769 - quant-vnpy.app - INFO - __init__.py:16 -  Logging system initialized
2026-02-13 14:32:58,773 - quant-vnpy.vnpy_init - INFO - vnpy_init.py:25 -  初始化 vnpy 数据库: root@localhost:3306/vnpy
2026-02-13 14:32:58,841 - quant-vnpy.vnpy_init - ERROR - vnpy_init.py:56 -  初始化 vnpy 数据库失败: (1045, "Access denied for user 'root'@'localhost' (using password: YES)")
2026-02-13 14:32:58,841 - quant-vnpy.vnpy_init - WARNING - vnpy_init.py:57 -  vnpy 数据库功能将不可用
2026-02-13 14:33:28,851 - quant-vnpy.app - INFO - __init__.py:16 -  Logging system initialized
2026-02-13 14:33:28,855 - quant-vnpy.vnpy_init - INFO - vnpy_init.py:25 -  初始化 vnpy 数据库: root@localhost:3306/vnpy
2026-02-13 14:33:28,919 - quant-vnpy.vnpy_init - WARNING - vnpy_init.py:42 -  vnpy_mysql 连接失败: (1045, "Access denied for user 'root'@'localhost' (using password: YES)")，使用 SQLite 数据库
2026-02-13 14:33:28,926 - quant-vnpy.vnpy_init - ERROR - vnpy_init.py:56 -  初始化 vnpy 数据库失败: unable to open database file
2026-02-13 14:33:28,926 - quant-vnpy.vnpy_init - WARNING - vnpy_init.py:57 -  vnpy 数据库功能将不可用
2026-02-13 14:33:37,160 - quant-vnpy.app - INFO - __init__.py:16 -  Logging system initialized
2026-02-13 14:33:37,163 - quant-vnpy.vnpy_init - INFO - vnpy_init.py:25 -  初始化 vnpy 数据库: root@localhost:3306/vnpy
2026-02-13 14:33:37,206 - quant-vnpy.vnpy_init - WARNING - vnpy_init.py:42 -  vnpy_mysql 连接失败: (1045, "Access denied for user 'root'@'localhost' (using password: YES)")，使用 SQLite 数据库
2026-02-13 14:33:37,210 - quant-vnpy.vnpy_init - ERROR - vnpy_init.py:56 -  初始化 vnpy 数据库失败: unable to open database file
2026-02-13 14:33:37,210 - quant-vnpy.vnpy_init - WARNING - vnpy_init.py:57 -  vnpy 数据库功能将不可用
2026-02-13 14:33:37,917 - quant-vnpy.app - INFO - __init__.py:16 -  Logging system initialized
2026-02-13 14:33:37,920 - quant-vnpy.vnpy_init - INFO - vnpy_init.py:25 -  初始化 vnpy 数据库: root@localhost:3306/vnpy
2026-02-13 14:33:37,975 - quant-vnpy.vnpy_init - WARNING - vnpy_init.py:42 -  vnpy_mysql 连接失败: (1045, "Access denied for user 'root'@'localhost' (using password: YES)")，使用 SQLite 数据库
2026-02-13 14:33:37,979 - quant-vnpy.vnpy_init - ERROR - vnpy_init.py:56 -  初始化 vnpy 数据库失败: unable to open database file
2026-02-13 14:33:37,980 - quant-vnpy.vnpy_init - WARNING - vnpy_init.py:57 -  vnpy 数据库功能将不可用
2026-02-13 14:34:07,436 - quant-vnpy.app - INFO - __init__.py:16 -  Logging system initialized
2026-02-13 14:34:07,440 - quant-vnpy.vnpy_init - INFO - vnpy_init.py:25 -  初始化 vnpy 数据库: root@localhost:3306/vnpy
2026-02-13 14:34:07,498 - quant-vnpy.vnpy_init - WARNING - vnpy_init.py:42 -  vnpy_mysql 连接失败: (1045, "Access denied for user 'root'@'localhost' (using password: YES)")，使用 SQLite 数据库
2026-02-13 14:34:07,520 - quant-vnpy.vnpy_init - INFO - vnpy_init.py:51 -  vnpy SQLite 数据库连接成功: D:\深度学习\代码\量化\quant-vnpy\data\vnpy_trader.db
2026-02-13 14:34:14,971 - quant-vnpy.app - INFO - __init__.py:16 -  Logging system initialized
2026-02-13 14:34:14,975 - quant-vnpy.vnpy_init - INFO - vnpy_init.py:25 -  初始化 vnpy 数据库: root@localhost:3306/vnpy
2026-02-13 14:34:15,063 - quant-vnpy.vnpy_init - WARNING - vnpy_init.py:42 -  vnpy_mysql 连接失败: (1045, "Access denied for user 'root'@'localhost' (using password: YES)")，使用 SQLite 数据库
2026-02-13 14:34:15,070 - quant-vnpy.vnpy_init - INFO - vnpy_init.py:51 -  vnpy SQLite 数据库连接成功: D:\深度学习\代码\量化\quant-vnpy\data\vnpy_trader.db
2026-02-13 14:34:16,043 - quant-vnpy.app - INFO - __init__.py:16 -  Logging system initialized
2026-02-13 14:34:16,047 - quant-vnpy.vnpy_init - INFO - vnpy_init.py:25 -  初始化 vnpy 数据库: root@localhost:3306/vnpy
2026-02-13 14:34:16,106 - quant-vnpy.vnpy_init - WARNING - vnpy_init.py:42 -  vnpy_mysql 连接失败: (1045, "Access denied for user 'root'@'localhost' (using password: YES)")，使用 SQLite 数据库
2026-02-13 14:34:16,113 - quant-vnpy.vnpy_init - INFO - vnpy_init.py:51 -  vnpy SQLite 数据库连接成功: D:\深度学习\代码\量化\quant-vnpy\data\vnpy_trader.db
2026-02-13 14:36:34,134 - quant-vnpy.app - INFO - __init__.py:17 -  Logging system initialized
2026-02-13 14:36:34,136 - quant-vnpy.vnpy_init - INFO - vnpy_init.py:25 -  初始化 vnpy 数据库: root@localhost:3306/vnpy
2026-02-13 14:36:34,185 - quant-vnpy.vnpy_init - WARNING - vnpy_init.py:42 -  vnpy_mysql 连接失败: (1045, "Access denied for user 'root'@'localhost' (using password: YES)")，使用 SQLite 数据库
2026-02-13 14:36:34,204 - quant-vnpy.vnpy_init - INFO - vnpy_init.py:51 -  vnpy SQLite 数据库连接成功: D:\深度学习\代码\量化\quant-vnpy\internal\data\vnpy_trader.db
2026-02-13 14:36:34,959 - quant-vnpy.app - INFO - __init__.py:17 -  Logging system initialized
2026-02-13 14:36:34,961 - quant-vnpy.vnpy_init - INFO - vnpy_init.py:25 -  初始化 vnpy 数据库: root@localhost:3306/vnpy
2026-02-13 14:36:35,008 - quant-vnpy.vnpy_init - WARNING - vnpy_init.py:42 -  vnpy_mysql 连接失败: (1045, "Access denied for user 'root'@'localhost' (using password: YES)")，使用 SQLite 数据库
2026-02-13 14:36:35,017 - quant-vnpy.vnpy_init - INFO - vnpy_init.py:51 -  vnpy SQLite 数据库连接成功: D:\深度学习\代码\量化\quant-vnpy\internal\data\vnpy_trader.db
2026-02-13 14:36:56,264 - quant-vnpy.app - INFO - __init__.py:17 -  Logging system initialized
2026-02-13 14:36:56,267 - quant-vnpy.vnpy_init - INFO - vnpy_init.py:25 -  初始化 vnpy 数据库: root@localhost:3306/vnpy
2026-02-13 14:36:56,335 - quant-vnpy.vnpy_init - WARNING - vnpy_init.py:42 -  vnpy_mysql 连接失败: (1045, "Access denied for user 'root'@'localhost' (using password: YES)")，使用 SQLite 数据库
2026-02-13 14:36:56,344 - quant-vnpy.vnpy_init - INFO - vnpy_init.py:51 -  vnpy SQLite 数据库连接成功: D:\深度学习\代码\量化\quant-vnpy\data\vnpy_trader.db
2026-02-13 14:37:04,151 - quant-vnpy.app - INFO - __init__.py:17 -  Logging system initialized
2026-02-13 14:37:04,154 - quant-vnpy.vnpy_init - INFO - vnpy_init.py:25 -  初始化 vnpy 数据库: root@localhost:3306/vnpy
2026-02-13 14:37:04,204 - quant-vnpy.vnpy_init - WARNING - vnpy_init.py:42 -  vnpy_mysql 连接失败: (1045, "Access denied for user 'root'@'localhost' (using password: YES)")，使用 SQLite 数据库
2026-02-13 14:37:04,210 - quant-vnpy.vnpy_init - INFO - vnpy_init.py:51 -  vnpy SQLite 数据库连接成功: D:\深度学习\代码\量化\quant-vnpy\data\vnpy_trader.db
2026-02-13 14:37:04,983 - quant-vnpy.app - INFO - __init__.py:17 -  Logging system initialized
2026-02-13 14:37:04,986 - quant-vnpy.vnpy_init - INFO - vnpy_init.py:25 -  初始化 vnpy 数据库: root@localhost:3306/vnpy
2026-02-13 14:37:05,052 - quant-vnpy.vnpy_init - WARNING - vnpy_init.py:42 -  vnpy_mysql 连接失败: (1045, "Access denied for user 'root'@'localhost' (using password: YES)")，使用 SQLite 数据库
2026-02-13 14:37:05,060 - quant-vnpy.vnpy_init - INFO - vnpy_init.py:51 -  vnpy SQLite 数据库连接成功: D:\深度学习\代码\量化\quant-vnpy\data\vnpy_trader.db
2026-02-13 15:00:55,172 - quant-vnpy.app - INFO - __init__.py:17 -  Logging system initialized
2026-02-13 15:00:55,175 - quant-vnpy.vnpy_init - INFO - vnpy_init.py:25 -  初始化 vnpy 数据库: root@localhost:3306/vnpy
2026-02-13 15:00:55,272 - quant-vnpy.vnpy_init - WARNING - vnpy_init.py:42 -  vnpy_mysql 连接失败: (1045, "Access denied for user 'root'@'localhost' (using password: YES)")，使用 SQLite 数据库
2026-02-13 15:00:55,279 - quant-vnpy.vnpy_init - INFO - vnpy_init.py:51 -  vnpy SQLite 数据库连接成功: D:\深度学习\代码\量化\quant-vnpy\data\vnpy_trader.db
2026-02-13 15:00:56,007 - quant-vnpy.app - INFO - __init__.py:17 -  Logging system initialized
2026-02-13 15:00:56,010 - quant-vnpy.vnpy_init - INFO - vnpy_init.py:25 -  初始化 vnpy 数据库: root@localhost:3306/vnpy
2026-02-13 15:00:56,060 - quant-vnpy.vnpy_init - WARNING - vnpy_init.py:42 -  vnpy_mysql 连接失败: (1045, "Access denied for user 'root'@'localhost' (using password: YES)")，使用 SQLite 数据库
2026-02-13 15:00:56,067 - quant-vnpy.vnpy_init - INFO - vnpy_init.py:51 -  vnpy SQLite 数据库连接成功: D:\深度学习\代码\量化\quant-vnpy\data\vnpy_trader.db
2026-02-13 15:02:17,619 - quant-vnpy.app - INFO - __init__.py:17 -  Logging system initialized
2026-02-13 15:02:17,622 - quant-vnpy.vnpy_init - INFO - vnpy_init.py:25 -  初始化 vnpy 数据库: root@localhost:3306/vnpy
2026-02-13 15:02:17,664 - quant-vnpy.vnpy_init - WARNING - vnpy_init.py:42 -  vnpy_mysql 连接失败: port should be of type int，使用 SQLite 数据库
2026-02-13 15:02:17,670 - quant-vnpy.vnpy_init - INFO - vnpy_init.py:51 -  vnpy SQLite 数据库连接成功: D:\深度学习\代码\量化\quant-vnpy\data\vnpy_trader.db
2026-02-13 15:02:18,416 - quant-vnpy.app - INFO - __init__.py:17 -  Logging system initialized
2026-02-13 15:02:18,419 - quant-vnpy.vnpy_init - INFO - vnpy_init.py:25 -  初始化 vnpy 数据库: root@localhost:3306/vnpy
2026-02-13 15:02:18,455 - quant-vnpy.vnpy_init - WARNING - vnpy_init.py:42 -  vnpy_mysql 连接失败: port should be of type int，使用 SQLite 数据库
2026-02-13 15:02:18,461 - quant-vnpy.vnpy_init - INFO - vnpy_init.py:51 -  vnpy SQLite 数据库连接成功: D:\深度学习\代码\量化\quant-vnpy\data\vnpy_trader.db
2026-02-13 15:02:41,551 - quant-vnpy.app - INFO - __init__.py:17 -  Logging system initialized
2026-02-13 15:02:41,554 - quant-vnpy.vnpy_init - INFO - vnpy_init.py:25 -  初始化 vnpy 数据库: root@localhost:3306/vnpy
2026-02-13 15:02:41,602 - quant-vnpy.vnpy_init - WARNING - vnpy_init.py:42 -  vnpy_mysql 连接失败: (1045, "Access denied for user 'root'@'localhost' (using password: YES)")，使用 SQLite 数据库
2026-02-13 15:02:41,608 - quant-vnpy.vnpy_init - INFO - vnpy_init.py:51 -  vnpy SQLite 数据库连接成功: D:\深度学习\代码\量化\quant-vnpy\data\vnpy_trader.db
2026-02-13 15:02:42,321 - quant-vnpy.app - INFO - __init__.py:17 -  Logging system initialized
2026-02-13 15:02:42,324 - quant-vnpy.vnpy_init - INFO - vnpy_init.py:25 -  初始化 vnpy 数据库: root@localhost:3306/vnpy
2026-02-13 15:02:42,391 - quant-vnpy.vnpy_init - WARNING - vnpy_init.py:42 -  vnpy_mysql 连接失败: (1045, "Access denied for user 'root'@'localhost' (using password: YES)")，使用 SQLite 数据库
2026-02-13 15:02:42,397 - quant-vnpy.vnpy_init - INFO - vnpy_init.py:51 -  vnpy SQLite 数据库连接成功: D:\深度学习\代码\量化\quant-vnpy\data\vnpy_trader.db
2026-02-13 15:06:27,943 - quant-vnpy.app - INFO - __init__.py:17 -  Logging system initialized
2026-02-13 15:06:27,946 - quant-vnpy.vnpy_init - INFO - vnpy_init.py:25 -  初始化 vnpy 数据库: root@localhost:3306/vnpy
2026-02-13 15:06:28,007 - quant-vnpy.vnpy_init - WARNING - vnpy_init.py:42 -  vnpy_mysql 连接失败: (1045, "Access denied for user 'root'@'localhost' (using password: YES)")，使用 SQLite 数据库
2026-02-13 15:06:28,014 - quant-vnpy.vnpy_init - INFO - vnpy_init.py:51 -  vnpy SQLite 数据库连接成功: D:\深度学习\代码\量化\quant-vnpy\data\vnpy_trader.db
2026-02-13 15:06:28,732 - quant-vnpy.app - INFO - __init__.py:17 -  Logging system initialized
2026-02-13 15:06:28,734 - quant-vnpy.vnpy_init - INFO - vnpy_init.py:25 -  初始化 vnpy 数据库: root@localhost:3306/vnpy
2026-02-13 15:06:28,811 - quant-vnpy.vnpy_init - WARNING - vnpy_init.py:42 -  vnpy_mysql 连接失败: (1045, "Access denied for user 'root'@'localhost' (using password: YES)")，使用 SQLite 数据库
2026-02-13 15:06:28,817 - quant-vnpy.vnpy_init - INFO - vnpy_init.py:51 -  vnpy SQLite 数据库连接成功: D:\深度学习\代码\量化\quant-vnpy\data\vnpy_trader.db
2026-02-13 15:08:42,385 - quant-vnpy.app - INFO - __init__.py:17 -  Logging system initialized
2026-02-13 15:08:42,389 - quant-vnpy.vnpy_init - INFO - vnpy_init.py:25 -  初始化 vnpy 数据库: root@localhost:3306/vnpy
2026-02-13 15:08:42,496 - quant-vnpy.vnpy_init - INFO - vnpy_init.py:39 -  vnpy MySQL 数据库连接成功
2026-02-13 15:08:43,660 - quant-vnpy.app - INFO - __init__.py:17 -  Logging system initialized
2026-02-13 15:08:43,663 - quant-vnpy.vnpy_init - INFO - vnpy_init.py:25 -  初始化 vnpy 数据库: root@localhost:3306/vnpy
2026-02-13 15:08:43,755 - quant-vnpy.vnpy_init - INFO - vnpy_init.py:39 -  vnpy MySQL 数据库连接成功
2026-02-13 15:22:27,440 - quant-vnpy.app - INFO - __init__.py:17 -  Logging system initialized
2026-02-13 15:22:27,442 - quant-vnpy.vnpy_init - INFO - vnpy_init.py:25 -  初始化 vnpy 数据库: root@localhost:3306/vnpy
2026-02-13 15:22:27,513 - quant-vnpy.vnpy_init - INFO - vnpy_init.py:39 -  vnpy MySQL 数据库连接成功
2026-02-13 15:22:40,631 - quant-vnpy.app - INFO - __init__.py:17 -  Logging system initialized
2026-02-13 15:22:40,634 - quant-vnpy.vnpy_init - INFO - vnpy_init.py:25 -  初始化 vnpy 数据库: root@localhost:3306/vnpy
2026-02-13 15:22:40,720 - quant-vnpy.vnpy_init - INFO - vnpy_init.py:39 -  vnpy MySQL 数据库连接成功
2026-02-13 15:22:53,373 - quant-vnpy.app - INFO - __init__.py:17 -  Logging system initialized
2026-02-13 15:22:53,375 - quant-vnpy.vnpy_init - INFO - vnpy_init.py:25 -  初始化 vnpy 数据库: root@localhost:3306/vnpy
2026-02-13 15:22:53,431 - quant-vnpy.vnpy_init - INFO - vnpy_init.py:39 -  vnpy MySQL 数据库连接成功
2026-02-13 15:25:52,479 - quant-vnpy.app - INFO - __init__.py:17 -  Logging system initialized
2026-02-13 15:25:52,482 - quant-vnpy.vnpy_init - INFO - vnpy_init.py:25 -  初始化 vnpy 数据库: root@localhost:3306/vnpy
2026-02-13 15:25:52,558 - quant-vnpy.vnpy_init - INFO - vnpy_init.py:39 -  vnpy MySQL 数据库连接成功
2026-02-13 15:25:58,899 - quant-vnpy.app - INFO - __init__.py:17 -  Logging system initialized
2026-02-13 15:25:58,901 - quant-vnpy.vnpy_init - INFO - vnpy_init.py:25 -  初始化 vnpy 数据库: root@localhost:3306/vnpy
2026-02-13 15:25:58,959 - quant-vnpy.vnpy_init - INFO - vnpy_init.py:39 -  vnpy MySQL 数据库连接成功
2026-02-13 15:26:05,249 - quant-vnpy.app - INFO - __init__.py:17 -  Logging system initialized
2026-02-13 15:26:05,251 - quant-vnpy.vnpy_init - INFO - vnpy_init.py:25 -  初始化 vnpy 数据库: root@localhost:3306/vnpy
2026-02-13 15:26:05,305 - quant-vnpy.vnpy_init - INFO - vnpy_init.py:39 -  vnpy MySQL 数据库连接成功
2026-02-13 15:26:15,790 - quant-vnpy.app - INFO - __init__.py:17 -  Logging system initialized
2026-02-13 15:26:15,792 - quant-vnpy.vnpy_init - INFO - vnpy_init.py:25 -  初始化 vnpy 数据库: root@localhost:3306/vnpy
2026-02-13 15:26:15,849 - quant-vnpy.vnpy_init - INFO - vnpy_init.py:39 -  vnpy MySQL 数据库连接成功
2026-02-13 15:26:25,272 - quant-vnpy.app - INFO - __init__.py:17 -  Logging system initialized
2026-02-13 15:26:25,275 - quant-vnpy.vnpy_init - INFO - vnpy_init.py:25 -  初始化 vnpy 数据库: root@localhost:3306/vnpy
2026-02-13 15:26:25,342 - quant-vnpy.vnpy_init - INFO - vnpy_init.py:39 -  vnpy MySQL 数据库连接成功
2026-02-13 15:26:37,984 - quant-vnpy.app - INFO - __init__.py:17 -  Logging system initialized
2026-02-13 15:26:37,987 - quant-vnpy.vnpy_init - INFO - vnpy_init.py:25 -  初始化 vnpy 数据库: root@localhost:3306/vnpy
2026-02-13 15:26:38,050 - quant-vnpy.vnpy_init - INFO - vnpy_init.py:39 -  vnpy MySQL 数据库连接成功
2026-02-13 15:26:50,667 - quant-vnpy.app - INFO - __init__.py:17 -  Logging system initialized
2026-02-13 15:26:50,672 - quant-vnpy.vnpy_init - INFO - vnpy_init.py:25 -  初始化 vnpy 数据库: root@localhost:3306/vnpy
2026-02-13 15:26:50,748 - quant-vnpy.vnpy_init - INFO - vnpy_init.py:39 -  vnpy MySQL 数据库连接成功
2026-02-13 15:27:18,157 - quant-vnpy.app - INFO - __init__.py:17 -  Logging system initialized
2026-02-13 15:27:18,159 - quant-vnpy.vnpy_init - INFO - vnpy_init.py:25 -  初始化 vnpy 数据库: root@localhost:3306/vnpy
2026-02-13 15:27:18,215 - quant-vnpy.vnpy_init - INFO - vnpy_init.py:39 -  vnpy MySQL 数据库连接成功
2026-02-13 15:41:51,457 - quant-vnpy.app - INFO - __init__.py:17 -  Logging system initialized
2026-02-13 15:41:51,460 - quant-vnpy.vnpy_init - INFO - vnpy_init.py:25 -  初始化 vnpy 数据库: root@localhost:3306/vnpy
2026-02-13 15:41:51,512 - quant-vnpy.vnpy_init - INFO - vnpy_init.py:39 -  vnpy MySQL 数据库连接成功
2026-02-13 15:41:52,224 - quant-vnpy.app - INFO - __init__.py:17 -  Logging system initialized
2026-02-13 15:41:52,227 - quant-vnpy.vnpy_init - INFO - vnpy_init.py:25 -  初始化 vnpy 数据库: root@localhost:3306/vnpy
2026-02-13 15:41:52,275 - quant-vnpy.vnpy_init - INFO - vnpy_init.py:39 -  vnpy MySQL 数据库连接成功
2026-02-13 15:49:17,376 - quant-vnpy.app - INFO - __init__.py:17 -  Logging system initialized
2026-02-13 15:49:17,378 - quant-vnpy.vnpy_init - INFO - vnpy_init.py:25 -  初始化 vnpy 数据库: root@localhost:3306/vnpy
2026-02-13 15:49:17,439 - quant-vnpy.vnpy_init - INFO - vnpy_init.py:39 -  vnpy MySQL 数据库连接成功
2026-02-13 15:49:42,965 - quant-vnpy.app - INFO - __init__.py:17 -  Logging system initialized
2026-02-13 15:49:42,967 - quant-vnpy.vnpy_init - INFO - vnpy_init.py:25 -  初始化 vnpy 数据库: root@localhost:3306/vnpy
2026-02-13 15:49:43,029 - quant-vnpy.vnpy_init - INFO - vnpy_init.py:39 -  vnpy MySQL 数据库连接成功
2026-02-13 15:51:04,392 - quant-vnpy.fetcher - INFO - data_sources.py:374 - [reqId:63145e7e-db26-4db4-a497-ae0a41a1176a] Baostock查询数据返回状态码: 0
2026-02-13 15:51:04,393 - quant-vnpy.fetcher - INFO - data_sources.py:375 - [reqId:63145e7e-db26-4db4-a497-ae0a41a1176a] Baostock查询数据返回消息: success
2026-02-13 15:51:44,464 - quant-vnpy.fetcher - INFO - data_sources.py:374 - [reqId:263133c6-b272-43a5-b5e5-29554c5c809d] Baostock查询数据返回状态码: 0
2026-02-13 15:51:44,467 - quant-vnpy.fetcher - INFO - data_sources.py:375 - [reqId:263133c6-b272-43a5-b5e5-29554c5c809d] Baostock查询数据返回消息: success
2026-02-13 15:53:06,613 - quant-vnpy.app - INFO - __init__.py:17 -  Logging system initialized
2026-02-13 15:53:06,617 - quant-vnpy.vnpy_init - INFO - vnpy_init.py:25 -  初始化 vnpy 数据库: root@localhost:3306/vnpy
2026-02-13 15:53:06,673 - quant-vnpy.vnpy_init - INFO - vnpy_init.py:39 -  vnpy MySQL 数据库连接成功
2026-02-13 15:53:10,932 - quant-vnpy.app - INFO - __init__.py:17 -  Logging system initialized
2026-02-13 15:53:10,935 - quant-vnpy.vnpy_init - INFO - vnpy_init.py:25 -  初始化 vnpy 数据库: root@localhost:3306/vnpy
2026-02-13 15:53:10,993 - quant-vnpy.vnpy_init - INFO - vnpy_init.py:39 -  vnpy MySQL 数据库连接成功
2026-02-13 15:53:31,153 - quant-vnpy.app - INFO - __init__.py:17 -  Logging system initialized
2026-02-13 15:53:31,157 - quant-vnpy.vnpy_init - INFO - vnpy_init.py:25 -  初始化 vnpy 数据库: root@localhost:3306/vnpy
2026-02-13 15:53:31,224 - quant-vnpy.vnpy_init - INFO - vnpy_init.py:39 -  vnpy MySQL 数据库连接成功
2026-02-13 15:53:34,452 - quant-vnpy.app - INFO - __init__.py:17 -  Logging system initialized
2026-02-13 15:53:34,455 - quant-vnpy.vnpy_init - INFO - vnpy_init.py:25 -  初始化 vnpy 数据库: root@localhost:3306/vnpy
2026-02-13 15:53:34,532 - quant-vnpy.vnpy_init - INFO - vnpy_init.py:39 -  vnpy MySQL 数据库连接成功
2026-02-13 15:53:41,814 - quant-vnpy.fetcher - INFO - data_sources.py:374 - [reqId:acc6dd1d-ee97-4be8-ac76-559df48a0116] Baostock查询数据返回状态码: 0
2026-02-13 15:53:41,814 - quant-vnpy.fetcher - INFO - data_sources.py:375 - [reqId:acc6dd1d-ee97-4be8-ac76-559df48a0116] Baostock查询数据返回消息: success
2026-02-13 15:56:31,080 - quant-vnpy.app - INFO - __init__.py:17 -  Logging system initialized
2026-02-13 15:56:31,083 - quant-vnpy.vnpy_init - INFO - vnpy_init.py:25 -  初始化 vnpy 数据库: root@localhost:3306/vnpy
2026-02-13 15:56:31,146 - quant-vnpy.vnpy_init - INFO - vnpy_init.py:39 -  vnpy MySQL 数据库连接成功
2026-02-13 15:56:39,554 - quant-vnpy.app - INFO - __init__.py:17 -  Logging system initialized
2026-02-13 15:56:39,557 - quant-vnpy.vnpy_init - INFO - vnpy_init.py:25 -  初始化 vnpy 数据库: root@localhost:3306/vnpy
2026-02-13 15:56:39,613 - quant-vnpy.vnpy_init - INFO - vnpy_init.py:39 -  vnpy MySQL 数据库连接成功
2026-02-13 15:56:42,719 - quant-vnpy.app - INFO - __init__.py:17 -  Logging system initialized
2026-02-13 15:56:42,723 - quant-vnpy.vnpy_init - INFO - vnpy_init.py:25 -  初始化 vnpy 数据库: root@localhost:3306/vnpy
2026-02-13 15:56:42,776 - quant-vnpy.vnpy_init - INFO - vnpy_init.py:39 -  vnpy MySQL 数据库连接成功
2026-02-13 15:56:46,677 - quant-vnpy.fetcher - INFO - data_sources.py:374 - [reqId:5cc91859-8c38-4aeb-80ed-b81f3fa561f5] Baostock查询数据返回状态码: 0
2026-02-13 15:56:46,680 - quant-vnpy.fetcher - INFO - data_sources.py:375 - [reqId:5cc91859-8c38-4aeb-80ed-b81f3fa561f5] Baostock查询数据返回消息: success
2026-02-13 15:57:52,022 - quant-vnpy.fetcher - INFO - data_sources.py:374 - [reqId:c016807e-f2ba-4409-b0fe-5d4ff2c902fd] Baostock查询数据返回状态码: 0
2026-02-13 15:57:52,023 - quant-vnpy.fetcher - INFO - data_sources.py:375 - [reqId:c016807e-f2ba-4409-b0fe-5d4ff2c902fd] Baostock查询数据返回消息: success
2026-02-13 15:58:46,238 - quant-vnpy.app - INFO - __init__.py:17 -  Logging system initialized
2026-02-13 15:58:46,241 - quant-vnpy.vnpy_init - INFO - vnpy_init.py:25 -  初始化 vnpy 数据库: root@localhost:3306/vnpy
2026-02-13 15:58:46,289 - quant-vnpy.vnpy_init - INFO - vnpy_init.py:39 -  vnpy MySQL 数据库连接成功
2026-02-13 15:58:46,979 - quant-vnpy.app - INFO - __init__.py:17 -  Logging system initialized
2026-02-13 15:58:46,982 - quant-vnpy.vnpy_init - INFO - vnpy_init.py:25 -  初始化 vnpy 数据库: root@localhost:3306/vnpy
2026-02-13 15:58:47,026 - quant-vnpy.vnpy_init - INFO - vnpy_init.py:39 -  vnpy MySQL 数据库连接成功
2026-02-13 15:58:50,791 - quant-vnpy.fetcher - INFO - data_sources.py:374 - [reqId:1eced897-9e71-4a6b-b931-890c9600cbfd] Baostock查询数据返回状态码: 0
2026-02-13 15:58:50,791 - quant-vnpy.fetcher - INFO - data_sources.py:375 - [reqId:1eced897-9e71-4a6b-b931-890c9600cbfd] Baostock查询数据返回消息: success
2026-02-13 15:58:50,877 - quant-vnpy.StockFetcher - ERROR - stock_fetcher.py:140 - [reqId:1eced897-9e71-4a6b-b931-890c9600cbfd] 保存股票数据失败: name 'symbol' is not defined
2026-02-13 15:59:17,009 - quant-vnpy.app - INFO - __init__.py:17 -  Logging system initialized
2026-02-13 15:59:17,012 - quant-vnpy.vnpy_init - INFO - vnpy_init.py:25 -  初始化 vnpy 数据库: root@localhost:3306/vnpy
2026-02-13 15:59:17,067 - quant-vnpy.vnpy_init - INFO - vnpy_init.py:39 -  vnpy MySQL 数据库连接成功
2026-02-13 15:59:23,858 - quant-vnpy.fetcher - INFO - data_sources.py:374 - [reqId:198d9f21-2636-47e1-b01c-c4f39cecbf9e] Baostock查询数据返回状态码: 0
2026-02-13 15:59:23,859 - quant-vnpy.fetcher - INFO - data_sources.py:375 - [reqId:198d9f21-2636-47e1-b01c-c4f39cecbf9e] Baostock查询数据返回消息: success
2026-02-13 15:59:24,401 - quant-vnpy.StockFetcher - INFO - stock_fetcher.py:137 - [reqId:198d9f21-2636-47e1-b01c-c4f39cecbf9e] 开始保存数据到数据库: 29条
2026-02-13 15:59:53,379 - quant-vnpy.app - INFO - __init__.py:17 -  Logging system initialized
2026-02-13 15:59:53,395 - quant-vnpy.vnpy_init - INFO - vnpy_init.py:25 -  初始化 vnpy 数据库: root@localhost:3306/vnpy
2026-02-13 15:59:53,558 - quant-vnpy.vnpy_init - INFO - vnpy_init.py:39 -  vnpy MySQL 数据库连接成功
2026-02-13 15:59:54,056 - quant-vnpy.fetcher - INFO - data_sources.py:374 - [reqId:80bff1a7-952c-4876-a9ee-e6c2a81e507d] Baostock查询数据返回状态码: 0
2026-02-13 15:59:54,057 - quant-vnpy.fetcher - INFO - data_sources.py:375 - [reqId:80bff1a7-952c-4876-a9ee-e6c2a81e507d] Baostock查询数据返回消息: success
2026-02-13 15:59:54,119 - quant-vnpy.StockFetcher - INFO - stock_fetcher.py:137 - [reqId:80bff1a7-952c-4876-a9ee-e6c2a81e507d] bars: [BarData(gateway_name='BAOSTOCK', extra=None, symbol='600000', exchange=<Exchange.SSE: 'SSE'>, datetime=Timestamp('2023-01-03 00:00:00'), interval=<Interval.DAILY: 'd'>, volume=25892521.0, turnover=0, open_interest=0.0, open_price=7.27, high_price=7.28, low_price=7.17, close_price=7.23), BarData(gateway_name='BAOSTOCK', extra=None, symbol='600000', exchange=<Exchange.SSE: 'SSE'>, datetime=Timestamp('2023-01-04 00:00:00'), interval=<Interval.DAILY: 'd'>, volume=30947081.0, turnover=0, open_interest=0.0, open_price=7.27, high_price=7.35, low_price=7.23, close_price=7.31), BarData(gateway_name='BAOSTOCK', extra=None, symbol='600000', exchange=<Exchange.SSE: 'SSE'>, datetime=Timestamp('2023-01-05 00:00:00'), interval=<Interval.DAILY: 'd'>, volume=30162154.0, turnover=0, open_interest=0.0, open_price=7.37, high_price=7.38, low_price=7.3, close_price=7.35), BarData(gateway_name='BAOSTOCK', extra=None, symbol='600000', exchange=<Exchange.SSE: 'SSE'>, datetime=Timestamp('2023-01-06 00:00:00'), interval=<Interval.DAILY: 'd'>, volume=20312881.0, turnover=0, open_interest=0.0, open_price=7.35, high_price=7.38, low_price=7.31, close_price=7.34), BarData(gateway_name='BAOSTOCK', extra=None, symbol='600000', exchange=<Exchange.SSE: 'SSE'>, datetime=Timestamp('2023-01-07 00:00:00'), interval=<Interval.DAILY: 'd'>, volume=20312881.0, turnover=0, open_interest=0.0, open_price=7.35, high_price=7.38, low_price=7.31, close_price=7.34), BarData(gateway_name='BAOSTOCK', extra=None, symbol='600000', exchange=<Exchange.SSE: 'SSE'>, datetime=Timestamp('2023-01-08 00:00:00'), interval=<Interval.DAILY: 'd'>, volume=20312881.0, turnover=0, open_interest=0.0, open_price=7.35, high_price=7.38, low_price=7.31, close_price=7.34), BarData(gateway_name='BAOSTOCK', extra=None, symbol='600000', exchange=<Exchange.SSE: 'SSE'>, datetime=Timestamp('2023-01-09 00:00:00'), interval=<Interval.DAILY: 'd'>, volume=19612260.0, turnover=0, open_interest=0.0, open_price=7.38, high_price=7.38, low_price=7.3, close_price=7.34), BarData(gateway_name='BAOSTOCK', extra=None, symbol='600000', exchange=<Exchange.SSE: 'SSE'>, datetime=Timestamp('2023-01-10 00:00:00'), interval=<Interval.DAILY: 'd'>, volume=16194647.0, turnover=0, open_interest=0.0, open_price=7.35, high_price=7.35, low_price=7.28, close_price=7.28), BarData(gateway_name='BAOSTOCK', extra=None, symbol='600000', exchange=<Exchange.SSE: 'SSE'>, datetime=Timestamp('2023-01-11 00:00:00'), interval=<Interval.DAILY: 'd'>, volume=19215541.0, turnover=0, open_interest=0.0, open_price=7.31, high_price=7.34, low_price=7.27, close_price=7.3), BarData(gateway_name='BAOSTOCK', extra=None, symbol='600000', exchange=<Exchange.SSE: 'SSE'>, datetime=Timestamp('2023-01-12 00:00:00'), interval=<Interval.DAILY: 'd'>, volume=16849908.0, turnover=0, open_interest=0.0, open_price=7.33, high_price=7.34, low_price=7.24, close_price=7.27), BarData(gateway_name='BAOSTOCK', extra=None, symbol='600000', exchange=<Exchange.SSE: 'SSE'>, datetime=Timestamp('2023-01-13 00:00:00'), interval=<Interval.DAILY: 'd'>, volume=21770211.0, turnover=0, open_interest=0.0, open_price=7.29, high_price=7.35, low_price=7.27, close_price=7.34), BarData(gateway_name='BAOSTOCK', extra=None, symbol='600000', exchange=<Exchange.SSE: 'SSE'>, datetime=Timestamp('2023-01-14 00:00:00'), interval=<Interval.DAILY: 'd'>, volume=21770211.0, turnover=0, open_interest=0.0, open_price=7.29, high_price=7.35, low_price=7.27, close_price=7.34), BarData(gateway_name='BAOSTOCK', extra=None, symbol='600000', exchange=<Exchange.SSE: 'SSE'>, datetime=Timestamp('2023-01-15 00:00:00'), interval=<Interval.DAILY: 'd'>, volume=21770211.0, turnover=0, open_interest=0.0, open_price=7.29, high_price=7.35, low_price=7.27, close_price=7.34), BarData(gateway_name='BAOSTOCK', extra=None, symbol='600000', exchange=<Exchange.SSE: 'SSE'>, datetime=Timestamp('2023-01-16 00:00:00'), interval=<Interval.DAILY: 'd'>, volume=36816941.0, turnover=0, open_interest=0.0, open_price=7.35, high_price=7.38, low_price=7.28, close_price=7.33), BarData(gateway_name='BAOSTOCK', extra=None, symbol='600000', exchange=<Exchange.SSE: 'SSE'>, datetime=Timestamp('2023-01-17 00:00:00'), interval=<Interval.DAILY: 'd'>, volume=24222613.0, turnover=0, open_interest=0.0, open_price=7.34, high_price=7.35, low_price=7.27, close_price=7.3), BarData(gateway_name='BAOSTOCK', extra=None, symbol='600000', exchange=<Exchange.SSE: 'SSE'>, datetime=Timestamp('2023-01-18 00:00:00'), interval=<Interval.DAILY: 'd'>, volume=24494551.0, turnover=0, open_interest=0.0, open_price=7.31, high_price=7.33, low_price=7.27, close_price=7.31), BarData(gateway_name='BAOSTOCK', extra=None, symbol='600000', exchange=<Exchange.SSE: 'SSE'>, datetime=Timestamp('2023-01-19 00:00:00'), interval=<Interval.DAILY: 'd'>, volume=16713352.0, turnover=0, open_interest=0.0, open_price=7.31, high_price=7.33, low_price=7.26, close_price=7.33), BarData(gateway_name='BAOSTOCK', extra=None, symbol='600000', exchange=<Exchange.SSE: 'SSE'>, datetime=Timestamp('2023-01-20 00:00:00'), interval=<Interval.DAILY: 'd'>, volume=20986958.0, turnover=0, open_interest=0.0, open_price=7.34, high_price=7.36, low_price=7.32, close_price=7.36), BarData(gateway_name='BAOSTOCK', extra=None, symbol='600000', exchange=<Exchange.SSE: 'SSE'>, datetime=Timestamp('2023-01-21 00:00:00'), interval=<Interval.DAILY: 'd'>, volume=20986958.0, turnover=0, open_interest=0.0, open_price=7.34, high_price=7.36, low_price=7.32, close_price=7.36), BarData(gateway_name='BAOSTOCK', extra=None, symbol='600000', exchange=<Exchange.SSE: 'SSE'>, datetime=Timestamp('2023-01-22 00:00:00'), interval=<Interval.DAILY: 'd'>, volume=20986958.0, turnover=0, open_interest=0.0, open_price=7.34, high_price=7.36, low_price=7.32, close_price=7.36), BarData(gateway_name='BAOSTOCK', extra=None, symbol='600000', exchange=<Exchange.SSE: 'SSE'>, datetime=Timestamp('2023-01-23 00:00:00'), interval=<Interval.DAILY: 'd'>, volume=20986958.0, turnover=0, open_interest=0.0, open_price=7.34, high_price=7.36, low_price=7.32, close_price=7.36), BarData(gateway_name='BAOSTOCK', extra=None, symbol='600000', exchange=<Exchange.SSE: 'SSE'>, datetime=Timestamp('2023-01-24 00:00:00'), interval=<Interval.DAILY: 'd'>, volume=20986958.0, turnover=0, open_interest=0.0, open_price=7.34, high_price=7.36, low_price=7.32, close_price=7.36), BarData(gateway_name='BAOSTOCK', extra=None, symbol='600000', exchange=<Exchange.SSE: 'SSE'>, datetime=Timestamp('2023-01-25 00:00:00'), interval=<Interval.DAILY: 'd'>, volume=20986958.0, turnover=0, open_interest=0.0, open_price=7.34, high_price=7.36, low_price=7.32, close_price=7.36), BarData(gateway_name='BAOSTOCK', extra=None, symbol='600000', exchange=<Exchange.SSE: 'SSE'>, datetime=Timestamp('2023-01-26 00:00:00'), interval=<Interval.DAILY: 'd'>, volume=20986958.0, turnover=0, open_interest=0.0, open_price=7.34, high_price=7.36, low_price=7.32, close_price=7.36), BarData(gateway_name='BAOSTOCK', extra=None, symbol='600000', exchange=<Exchange.SSE: 'SSE'>, datetime=Timestamp('2023-01-27 00:00:00'), interval=<Interval.DAILY: 'd'>, volume=20986958.0, turnover=0, open_interest=0.0, open_price=7.34, high_price=7.36, low_price=7.32, close_price=7.36), BarData(gateway_name='BAOSTOCK', extra=None, symbol='600000', exchange=<Exchange.SSE: 'SSE'>, datetime=Timestamp('2023-01-28 00:00:00'), interval=<Interval.DAILY: 'd'>, volume=20986958.0, turnover=0, open_interest=0.0, open_price=7.34, high_price=7.36, low_price=7.32, close_price=7.36), BarData(gateway_name='BAOSTOCK', extra=None, symbol='600000', exchange=<Exchange.SSE: 'SSE'>, datetime=Timestamp('2023-01-29 00:00:00'), interval=<Interval.DAILY: 'd'>, volume=20986958.0, turnover=0, open_interest=0.0, open_price=7.34, high_price=7.36, low_price=7.32, close_price=7.36), BarData(gateway_name='BAOSTOCK', extra=None, symbol='600000', exchange=<Exchange.SSE: 'SSE'>, datetime=Timestamp('2023-01-30 00:00:00'), interval=<Interval.DAILY: 'd'>, volume=31810739.0, turnover=0, open_interest=0.0, open_price=7.43, high_price=7.43, low_price=7.37, close_price=7.4), BarData(gateway_name='BAOSTOCK', extra=None, symbol='600000', exchange=<Exchange.SSE: 'SSE'>, datetime=Timestamp('2023-01-31 00:00:00'), interval=<Interval.DAILY: 'd'>, volume=28438220.0, turnover=0, open_interest=0.0, open_price=7.42, high_price=7.45, low_price=7.37, close_price=7.37)]
2026-02-13 16:00:14,205 - quant-vnpy.app - INFO - __init__.py:17 -  Logging system initialized
2026-02-13 16:00:14,208 - quant-vnpy.vnpy_init - INFO - vnpy_init.py:25 -  初始化 vnpy 数据库: root@localhost:3306/vnpy
2026-02-13 16:00:14,273 - quant-vnpy.vnpy_init - INFO - vnpy_init.py:39 -  vnpy MySQL 数据库连接成功
2026-02-13 16:01:55,889 - quant-vnpy.app - INFO - __init__.py:17 -  Logging system initialized
2026-02-13 16:01:55,891 - quant-vnpy.vnpy_init - INFO - vnpy_init.py:25 -  初始化 vnpy 数据库: root@localhost:3306/vnpy
2026-02-13 16:01:55,945 - quant-vnpy.vnpy_init - INFO - vnpy_init.py:39 -  vnpy MySQL 数据库连接成功
2026-02-13 16:02:06,618 - quant-vnpy.app - INFO - __init__.py:17 -  Logging system initialized
2026-02-13 16:02:06,620 - quant-vnpy.vnpy_init - INFO - vnpy_init.py:25 -  初始化 vnpy 数据库: root@localhost:3306/vnpy
2026-02-13 16:02:06,689 - quant-vnpy.vnpy_init - INFO - vnpy_init.py:39 -  vnpy MySQL 数据库连接成功
2026-02-13 16:02:11,367 - quant-vnpy.app - INFO - __init__.py:17 -  Logging system initialized
2026-02-13 16:02:11,370 - quant-vnpy.vnpy_init - INFO - vnpy_init.py:25 -  初始化 vnpy 数据库: root@localhost:3306/vnpy
2026-02-13 16:02:11,431 - quant-vnpy.vnpy_init - INFO - vnpy_init.py:39 -  vnpy MySQL 数据库连接成功
2026-02-13 16:02:46,451 - quant-vnpy.app - INFO - __init__.py:17 -  Logging system initialized
2026-02-13 16:02:46,453 - quant-vnpy.vnpy_init - INFO - vnpy_init.py:25 -  初始化 vnpy 数据库: root@localhost:3306/vnpy
2026-02-13 16:02:46,513 - quant-vnpy.vnpy_init - INFO - vnpy_init.py:39 -  vnpy MySQL 数据库连接成功
2026-02-13 16:20:35,872 - quant-vnpy.app - INFO - __init__.py:17 -  Logging system initialized
2026-02-13 16:20:35,876 - quant-vnpy.vnpy_init - INFO - vnpy_init.py:25 -  初始化 vnpy 数据库: root@localhost:3306/vnpy
2026-02-13 16:20:35,993 - quant-vnpy.vnpy_init - INFO - vnpy_init.py:39 -  vnpy MySQL 数据库连接成功
2026-02-13 16:20:36,713 - quant-vnpy.app - INFO - __init__.py:17 -  Logging system initialized
2026-02-13 16:20:36,715 - quant-vnpy.vnpy_init - INFO - vnpy_init.py:25 -  初始化 vnpy 数据库: root@localhost:3306/vnpy
2026-02-13 16:20:36,770 - quant-vnpy.vnpy_init - INFO - vnpy_init.py:39 -  vnpy MySQL 数据库连接成功
2026-02-13 16:20:45,063 - quant-vnpy.fetcher - INFO - data_sources.py:401 - [reqId:6dad1802-2ee9-420d-8e17-21740bb04cc1] Baostock查询数据返回状态码: 0
2026-02-13 16:20:45,065 - quant-vnpy.fetcher - INFO - data_sources.py:402 - [reqId:6dad1802-2ee9-420d-8e17-21740bb04cc1] Baostock查询数据返回消息: success
2026-02-13 16:24:21,438 - quant-vnpy.backtest.api - INFO - routes.py:136 - [reqId:4ddf00c4-e7ea-45d3-9e37-7df44eadfb51] Parameters: strategy_name=rsi, symbol=600000, exchange=SSE, interval=1m, start=2023-01-01 00:00:00, end=2023-01-31 23:59:59
2026-02-13 16:24:21,484 - quant-vnpy.backtest.engine - INFO - backtest_engine.py:91 - [reqId:4ddf00c4-e7ea-45d3-9e37-7df44eadfb51] 开始运行回测，历史数据数量: 0
2026-02-13 16:24:21,485 - quant-vnpy.backtest.engine - WARNING - backtest_engine.py:93 - [reqId:4ddf00c4-e7ea-45d3-9e37-7df44eadfb51] 历史数据为空，请检查数据库中是否有对应的数据
2026-02-13 16:24:21,489 - quant-vnpy.backtest.engine - INFO - backtest_engine.py:100 - [reqId:4ddf00c4-e7ea-45d3-9e37-7df44eadfb51] 回测完成，成交记录数量: 0
2026-02-13 16:24:21,489 - quant-vnpy.backtest.engine - INFO - backtest_engine.py:91 - [reqId:4ddf00c4-e7ea-45d3-9e37-7df44eadfb51] 开始运行回测，历史数据数量: 0
2026-02-13 16:24:21,490 - quant-vnpy.backtest.engine - WARNING - backtest_engine.py:93 - [reqId:4ddf00c4-e7ea-45d3-9e37-7df44eadfb51] 历史数据为空，请检查数据库中是否有对应的数据
2026-02-13 16:24:21,492 - quant-vnpy.backtest.engine - INFO - backtest_engine.py:100 - [reqId:4ddf00c4-e7ea-45d3-9e37-7df44eadfb51] 回测完成，成交记录数量: 0
2026-02-13 16:24:21,492 - quant-vnpy.backtest.api - INFO - routes.py:200 - [reqId:4ddf00c4-e7ea-45d3-9e37-7df44eadfb51] get_trades() returned type: <class 'dict'>, length: 0
2026-02-13 16:31:36,985 - quant-vnpy.app - INFO - __init__.py:17 -  Logging system initialized
2026-02-13 16:31:36,987 - quant-vnpy.vnpy_init - INFO - vnpy_init.py:25 -  初始化 vnpy 数据库: root@localhost:3306/vnpy
2026-02-13 16:31:37,045 - quant-vnpy.vnpy_init - INFO - vnpy_init.py:39 -  vnpy MySQL 数据库连接成功
2026-02-13 16:31:48,619 - quant-vnpy.app - INFO - __init__.py:17 -  Logging system initialized
2026-02-13 16:31:48,622 - quant-vnpy.vnpy_init - INFO - vnpy_init.py:25 -  初始化 vnpy 数据库: root@localhost:3306/vnpy
2026-02-13 16:31:48,677 - quant-vnpy.vnpy_init - INFO - vnpy_init.py:39 -  vnpy MySQL 数据库连接成功
2026-02-13 16:32:00,295 - quant-vnpy.app - INFO - __init__.py:17 -  Logging system initialized
2026-02-13 16:32:00,299 - quant-vnpy.vnpy_init - INFO - vnpy_init.py:25 -  初始化 vnpy 数据库: root@localhost:3306/vnpy
2026-02-13 16:32:00,363 - quant-vnpy.vnpy_init - INFO - vnpy_init.py:39 -  vnpy MySQL 数据库连接成功
2026-02-13 16:32:33,277 - quant-vnpy.backtest.engine - INFO - backtest_engine.py:91 -  开始运行回测，历史数据数量: 5
2026-02-13 16:32:33,278 - quant-vnpy.backtest.engine - INFO - backtest_engine.py:95 -  第一条数据: BarData(gateway_name='DB', extra=None, symbol='000001', exchange=<Exchange.SZSE: 'SZSE'>, datetime=datetime.datetime(2026, 2, 9, 0, 0, tzinfo=zoneinfo.ZoneInfo(key='Asia/Shanghai')), interval=<Interval.DAILY: 'd'>, volume=619716.7, turnover=0.0, open_interest=0.0, open_price=11.05, high_price=11.11, low_price=11.01, close_price=11.07)
2026-02-13 16:32:33,278 - quant-vnpy.backtest.engine - INFO - backtest_engine.py:96 -  最后一条数据: BarData(gateway_name='DB', extra=None, symbol='000001', exchange=<Exchange.SZSE: 'SZSE'>, datetime=datetime.datetime(2026, 2, 13, 0, 0, tzinfo=zoneinfo.ZoneInfo(key='Asia/Shanghai')), interval=<Interval.DAILY: 'd'>, volume=555047.36, turnover=0.0, open_interest=0.0, open_price=10.96, high_price=10.99, low_price=10.9, close_price=10.91)
2026-02-13 16:32:33,281 - quant-vnpy.backtest.engine - INFO - backtest_engine.py:100 -  回测完成，成交记录数量: 0
2026-02-13 16:32:33,282 - quant-vnpy.backtest.engine - INFO - backtest_engine.py:91 -  开始运行回测，历史数据数量: 5
2026-02-13 16:32:33,282 - quant-vnpy.backtest.engine - INFO - backtest_engine.py:95 -  第一条数据: BarData(gateway_name='DB', extra=None, symbol='000001', exchange=<Exchange.SZSE: 'SZSE'>, datetime=datetime.datetime(2026, 2, 9, 0, 0, tzinfo=zoneinfo.ZoneInfo(key='Asia/Shanghai')), interval=<Interval.DAILY: 'd'>, volume=619716.7, turnover=0.0, open_interest=0.0, open_price=11.05, high_price=11.11, low_price=11.01, close_price=11.07)
2026-02-13 16:32:33,282 - quant-vnpy.backtest.engine - INFO - backtest_engine.py:96 -  最后一条数据: BarData(gateway_name='DB', extra=None, symbol='000001', exchange=<Exchange.SZSE: 'SZSE'>, datetime=datetime.datetime(2026, 2, 13, 0, 0, tzinfo=zoneinfo.ZoneInfo(key='Asia/Shanghai')), interval=<Interval.DAILY: 'd'>, volume=555047.36, turnover=0.0, open_interest=0.0, open_price=10.96, high_price=10.99, low_price=10.9, close_price=10.91)
2026-02-13 16:32:33,284 - quant-vnpy.backtest.engine - INFO - backtest_engine.py:100 -  回测完成，成交记录数量: 0
2026-02-13 16:32:33,292 - quant-vnpy.backtest.engine - INFO - backtest_engine.py:91 -  开始运行回测，历史数据数量: 5
2026-02-13 16:32:33,293 - quant-vnpy.backtest.engine - INFO - backtest_engine.py:95 -  第一条数据: BarData(gateway_name='DB', extra=None, symbol='000001', exchange=<Exchange.SZSE: 'SZSE'>, datetime=datetime.datetime(2026, 2, 9, 0, 0, tzinfo=zoneinfo.ZoneInfo(key='Asia/Shanghai')), interval=<Interval.DAILY: 'd'>, volume=619716.7, turnover=0.0, open_interest=0.0, open_price=11.05, high_price=11.11, low_price=11.01, close_price=11.07)
2026-02-13 16:32:33,293 - quant-vnpy.backtest.engine - INFO - backtest_engine.py:96 -  最后一条数据: BarData(gateway_name='DB', extra=None, symbol='000001', exchange=<Exchange.SZSE: 'SZSE'>, datetime=datetime.datetime(2026, 2, 13, 0, 0, tzinfo=zoneinfo.ZoneInfo(key='Asia/Shanghai')), interval=<Interval.DAILY: 'd'>, volume=555047.36, turnover=0.0, open_interest=0.0, open_price=10.96, high_price=10.99, low_price=10.9, close_price=10.91)
2026-02-13 16:32:33,295 - quant-vnpy.backtest.engine - INFO - backtest_engine.py:100 -  回测完成，成交记录数量: 0
2026-02-13 16:32:33,296 - quant-vnpy.backtest.engine - INFO - backtest_engine.py:91 -  开始运行回测，历史数据数量: 5
2026-02-13 16:32:33,296 - quant-vnpy.backtest.engine - INFO - backtest_engine.py:95 -  第一条数据: BarData(gateway_name='DB', extra=None, symbol='000001', exchange=<Exchange.SZSE: 'SZSE'>, datetime=datetime.datetime(2026, 2, 9, 0, 0, tzinfo=zoneinfo.ZoneInfo(key='Asia/Shanghai')), interval=<Interval.DAILY: 'd'>, volume=619716.7, turnover=0.0, open_interest=0.0, open_price=11.05, high_price=11.11, low_price=11.01, close_price=11.07)
2026-02-13 16:32:33,296 - quant-vnpy.backtest.engine - INFO - backtest_engine.py:96 -  最后一条数据: BarData(gateway_name='DB', extra=None, symbol='000001', exchange=<Exchange.SZSE: 'SZSE'>, datetime=datetime.datetime(2026, 2, 13, 0, 0, tzinfo=zoneinfo.ZoneInfo(key='Asia/Shanghai')), interval=<Interval.DAILY: 'd'>, volume=555047.36, turnover=0.0, open_interest=0.0, open_price=10.96, high_price=10.99, low_price=10.9, close_price=10.91)
2026-02-13 16:32:33,297 - quant-vnpy.backtest.engine - INFO - backtest_engine.py:100 -  回测完成，成交记录数量: 0
2026-02-13 16:32:33,303 - quant-vnpy.backtest.engine - INFO - backtest_engine.py:91 -  开始运行回测，历史数据数量: 5
2026-02-13 16:32:33,303 - quant-vnpy.backtest.engine - INFO - backtest_engine.py:95 -  第一条数据: BarData(gateway_name='DB', extra=None, symbol='000001', exchange=<Exchange.SZSE: 'SZSE'>, datetime=datetime.datetime(2026, 2, 9, 0, 0, tzinfo=zoneinfo.ZoneInfo(key='Asia/Shanghai')), interval=<Interval.DAILY: 'd'>, volume=619716.7, turnover=0.0, open_interest=0.0, open_price=11.05, high_price=11.11, low_price=11.01, close_price=11.07)
2026-02-13 16:32:33,303 - quant-vnpy.backtest.engine - INFO - backtest_engine.py:96 -  最后一条数据: BarData(gateway_name='DB', extra=None, symbol='000001', exchange=<Exchange.SZSE: 'SZSE'>, datetime=datetime.datetime(2026, 2, 13, 0, 0, tzinfo=zoneinfo.ZoneInfo(key='Asia/Shanghai')), interval=<Interval.DAILY: 'd'>, volume=555047.36, turnover=0.0, open_interest=0.0, open_price=10.96, high_price=10.99, low_price=10.9, close_price=10.91)
2026-02-13 16:32:33,305 - quant-vnpy.backtest.engine - INFO - backtest_engine.py:100 -  回测完成，成交记录数量: 0
2026-02-13 16:32:33,305 - quant-vnpy.backtest.engine - INFO - backtest_engine.py:91 -  开始运行回测，历史数据数量: 5
2026-02-13 16:32:33,305 - quant-vnpy.backtest.engine - INFO - backtest_engine.py:95 -  第一条数据: BarData(gateway_name='DB', extra=None, symbol='000001', exchange=<Exchange.SZSE: 'SZSE'>, datetime=datetime.datetime(2026, 2, 9, 0, 0, tzinfo=zoneinfo.ZoneInfo(key='Asia/Shanghai')), interval=<Interval.DAILY: 'd'>, volume=619716.7, turnover=0.0, open_interest=0.0, open_price=11.05, high_price=11.11, low_price=11.01, close_price=11.07)
2026-02-13 16:32:33,305 - quant-vnpy.backtest.engine - INFO - backtest_engine.py:96 -  最后一条数据: BarData(gateway_name='DB', extra=None, symbol='000001', exchange=<Exchange.SZSE: 'SZSE'>, datetime=datetime.datetime(2026, 2, 13, 0, 0, tzinfo=zoneinfo.ZoneInfo(key='Asia/Shanghai')), interval=<Interval.DAILY: 'd'>, volume=555047.36, turnover=0.0, open_interest=0.0, open_price=10.96, high_price=10.99, low_price=10.9, close_price=10.91)
2026-02-13 16:32:33,307 - quant-vnpy.backtest.engine - INFO - backtest_engine.py:100 -  回测完成，成交记录数量: 0
2026-02-13 16:34:49,528 - quant-vnpy.backtest.engine - INFO - backtest_engine.py:91 -  开始运行回测，历史数据数量: 5
2026-02-13 16:34:49,528 - quant-vnpy.backtest.engine - INFO - backtest_engine.py:95 -  第一条数据: BarData(gateway_name='DB', extra=None, symbol='000001', exchange=<Exchange.SZSE: 'SZSE'>, datetime=datetime.datetime(2026, 2, 9, 0, 0, tzinfo=zoneinfo.ZoneInfo(key='Asia/Shanghai')), interval=<Interval.DAILY: 'd'>, volume=619716.7, turnover=0.0, open_interest=0.0, open_price=11.05, high_price=11.11, low_price=11.01, close_price=11.07)
2026-02-13 16:34:49,528 - quant-vnpy.backtest.engine - INFO - backtest_engine.py:96 -  最后一条数据: BarData(gateway_name='DB', extra=None, symbol='000001', exchange=<Exchange.SZSE: 'SZSE'>, datetime=datetime.datetime(2026, 2, 13, 0, 0, tzinfo=zoneinfo.ZoneInfo(key='Asia/Shanghai')), interval=<Interval.DAILY: 'd'>, volume=555047.36, turnover=0.0, open_interest=0.0, open_price=10.96, high_price=10.99, low_price=10.9, close_price=10.91)
2026-02-13 16:34:49,532 - quant-vnpy.backtest.engine - INFO - backtest_engine.py:100 -  回测完成，成交记录数量: 0
2026-02-13 16:34:49,533 - quant-vnpy.backtest.engine - INFO - backtest_engine.py:91 -  开始运行回测，历史数据数量: 5
2026-02-13 16:34:49,533 - quant-vnpy.backtest.engine - INFO - backtest_engine.py:95 -  第一条数据: BarData(gateway_name='DB', extra=None, symbol='000001', exchange=<Exchange.SZSE: 'SZSE'>, datetime=datetime.datetime(2026, 2, 9, 0, 0, tzinfo=zoneinfo.ZoneInfo(key='Asia/Shanghai')), interval=<Interval.DAILY: 'd'>, volume=619716.7, turnover=0.0, open_interest=0.0, open_price=11.05, high_price=11.11, low_price=11.01, close_price=11.07)
2026-02-13 16:34:49,533 - quant-vnpy.backtest.engine - INFO - backtest_engine.py:96 -  最后一条数据: BarData(gateway_name='DB', extra=None, symbol='000001', exchange=<Exchange.SZSE: 'SZSE'>, datetime=datetime.datetime(2026, 2, 13, 0, 0, tzinfo=zoneinfo.ZoneInfo(key='Asia/Shanghai')), interval=<Interval.DAILY: 'd'>, volume=555047.36, turnover=0.0, open_interest=0.0, open_price=10.96, high_price=10.99, low_price=10.9, close_price=10.91)
2026-02-13 16:34:49,535 - quant-vnpy.backtest.engine - INFO - backtest_engine.py:100 -  回测完成，成交记录数量: 0
2026-02-13 16:34:49,543 - quant-vnpy.backtest.engine - INFO - backtest_engine.py:91 -  开始运行回测，历史数据数量: 5
2026-02-13 16:34:49,543 - quant-vnpy.backtest.engine - INFO - backtest_engine.py:95 -  第一条数据: BarData(gateway_name='DB', extra=None, symbol='000001', exchange=<Exchange.SZSE: 'SZSE'>, datetime=datetime.datetime(2026, 2, 9, 0, 0, tzinfo=zoneinfo.ZoneInfo(key='Asia/Shanghai')), interval=<Interval.DAILY: 'd'>, volume=619716.7, turnover=0.0, open_interest=0.0, open_price=11.05, high_price=11.11, low_price=11.01, close_price=11.07)
2026-02-13 16:34:49,544 - quant-vnpy.backtest.engine - INFO - backtest_engine.py:96 -  最后一条数据: BarData(gateway_name='DB', extra=None, symbol='000001', exchange=<Exchange.SZSE: 'SZSE'>, datetime=datetime.datetime(2026, 2, 13, 0, 0, tzinfo=zoneinfo.ZoneInfo(key='Asia/Shanghai')), interval=<Interval.DAILY: 'd'>, volume=555047.36, turnover=0.0, open_interest=0.0, open_price=10.96, high_price=10.99, low_price=10.9, close_price=10.91)
2026-02-13 16:34:49,549 - quant-vnpy.backtest.engine - INFO - backtest_engine.py:100 -  回测完成，成交记录数量: 0
2026-02-13 16:34:49,581 - quant-vnpy.backtest.engine - INFO - backtest_engine.py:91 -  开始运行回测，历史数据数量: 5
2026-02-13 16:34:49,581 - quant-vnpy.backtest.engine - INFO - backtest_engine.py:95 -  第一条数据: BarData(gateway_name='DB', extra=None, symbol='000001', exchange=<Exchange.SZSE: 'SZSE'>, datetime=datetime.datetime(2026, 2, 9, 0, 0, tzinfo=zoneinfo.ZoneInfo(key='Asia/Shanghai')), interval=<Interval.DAILY: 'd'>, volume=619716.7, turnover=0.0, open_interest=0.0, open_price=11.05, high_price=11.11, low_price=11.01, close_price=11.07)
2026-02-13 16:34:49,581 - quant-vnpy.backtest.engine - INFO - backtest_engine.py:96 -  最后一条数据: BarData(gateway_name='DB', extra=None, symbol='000001', exchange=<Exchange.SZSE: 'SZSE'>, datetime=datetime.datetime(2026, 2, 13, 0, 0, tzinfo=zoneinfo.ZoneInfo(key='Asia/Shanghai')), interval=<Interval.DAILY: 'd'>, volume=555047.36, turnover=0.0, open_interest=0.0, open_price=10.96, high_price=10.99, low_price=10.9, close_price=10.91)
2026-02-13 16:34:49,585 - quant-vnpy.backtest.engine - INFO - backtest_engine.py:100 -  回测完成，成交记录数量: 0
2026-02-13 16:35:27,282 - quant-vnpy.backtest.engine - INFO - backtest_engine.py:91 -  开始运行回测，历史数据数量: 5
2026-02-13 16:35:27,283 - quant-vnpy.backtest.engine - INFO - backtest_engine.py:95 -  第一条数据: BarData(gateway_name='DB', extra=None, symbol='000001', exchange=<Exchange.SZSE: 'SZSE'>, datetime=datetime.datetime(2026, 2, 9, 0, 0, tzinfo=zoneinfo.ZoneInfo(key='Asia/Shanghai')), interval=<Interval.DAILY: 'd'>, volume=619716.7, turnover=0.0, open_interest=0.0, open_price=11.05, high_price=11.11, low_price=11.01, close_price=11.07)
2026-02-13 16:35:27,283 - quant-vnpy.backtest.engine - INFO - backtest_engine.py:96 -  最后一条数据: BarData(gateway_name='DB', extra=None, symbol='000001', exchange=<Exchange.SZSE: 'SZSE'>, datetime=datetime.datetime(2026, 2, 13, 0, 0, tzinfo=zoneinfo.ZoneInfo(key='Asia/Shanghai')), interval=<Interval.DAILY: 'd'>, volume=555047.36, turnover=0.0, open_interest=0.0, open_price=10.96, high_price=10.99, low_price=10.9, close_price=10.91)
2026-02-13 16:35:27,287 - quant-vnpy.backtest.engine - INFO - backtest_engine.py:100 -  回测完成，成交记录数量: 0
2026-02-13 16:35:27,287 - quant-vnpy.backtest.engine - INFO - backtest_engine.py:91 -  开始运行回测，历史数据数量: 5
2026-02-13 16:35:27,288 - quant-vnpy.backtest.engine - INFO - backtest_engine.py:95 -  第一条数据: BarData(gateway_name='DB', extra=None, symbol='000001', exchange=<Exchange.SZSE: 'SZSE'>, datetime=datetime.datetime(2026, 2, 9, 0, 0, tzinfo=zoneinfo.ZoneInfo(key='Asia/Shanghai')), interval=<Interval.DAILY: 'd'>, volume=619716.7, turnover=0.0, open_interest=0.0, open_price=11.05, high_price=11.11, low_price=11.01, close_price=11.07)
2026-02-13 16:35:27,288 - quant-vnpy.backtest.engine - INFO - backtest_engine.py:96 -  最后一条数据: BarData(gateway_name='DB', extra=None, symbol='000001', exchange=<Exchange.SZSE: 'SZSE'>, datetime=datetime.datetime(2026, 2, 13, 0, 0, tzinfo=zoneinfo.ZoneInfo(key='Asia/Shanghai')), interval=<Interval.DAILY: 'd'>, volume=555047.36, turnover=0.0, open_interest=0.0, open_price=10.96, high_price=10.99, low_price=10.9, close_price=10.91)
2026-02-13 16:35:27,293 - quant-vnpy.backtest.engine - INFO - backtest_engine.py:100 -  回测完成，成交记录数量: 0
2026-02-13 16:35:27,309 - quant-vnpy.backtest.engine - INFO - backtest_engine.py:91 -  开始运行回测，历史数据数量: 5
2026-02-13 16:35:27,309 - quant-vnpy.backtest.engine - INFO - backtest_engine.py:95 -  第一条数据: BarData(gateway_name='DB', extra=None, symbol='000001', exchange=<Exchange.SZSE: 'SZSE'>, datetime=datetime.datetime(2026, 2, 9, 0, 0, tzinfo=zoneinfo.ZoneInfo(key='Asia/Shanghai')), interval=<Interval.DAILY: 'd'>, volume=619716.7, turnover=0.0, open_interest=0.0, open_price=11.05, high_price=11.11, low_price=11.01, close_price=11.07)
2026-02-13 16:35:27,309 - quant-vnpy.backtest.engine - INFO - backtest_engine.py:96 -  最后一条数据: BarData(gateway_name='DB', extra=None, symbol='000001', exchange=<Exchange.SZSE: 'SZSE'>, datetime=datetime.datetime(2026, 2, 13, 0, 0, tzinfo=zoneinfo.ZoneInfo(key='Asia/Shanghai')), interval=<Interval.DAILY: 'd'>, volume=555047.36, turnover=0.0, open_interest=0.0, open_price=10.96, high_price=10.99, low_price=10.9, close_price=10.91)
2026-02-13 16:35:27,314 - quant-vnpy.backtest.engine - INFO - backtest_engine.py:100 -  回测完成，成交记录数量: 2
2026-02-13 16:36:32,358 - quant-vnpy.backtest.engine - INFO - backtest_engine.py:91 -  开始运行回测，历史数据数量: 5
2026-02-13 16:36:32,358 - quant-vnpy.backtest.engine - INFO - backtest_engine.py:95 -  第一条数据: BarData(gateway_name='DB', extra=None, symbol='000001', exchange=<Exchange.SZSE: 'SZSE'>, datetime=datetime.datetime(2026, 2, 9, 0, 0, tzinfo=zoneinfo.ZoneInfo(key='Asia/Shanghai')), interval=<Interval.DAILY: 'd'>, volume=619716.7, turnover=0.0, open_interest=0.0, open_price=11.05, high_price=11.11, low_price=11.01, close_price=11.07)
2026-02-13 16:36:32,359 - quant-vnpy.backtest.engine - INFO - backtest_engine.py:96 -  最后一条数据: BarData(gateway_name='DB', extra=None, symbol='000001', exchange=<Exchange.SZSE: 'SZSE'>, datetime=datetime.datetime(2026, 2, 13, 0, 0, tzinfo=zoneinfo.ZoneInfo(key='Asia/Shanghai')), interval=<Interval.DAILY: 'd'>, volume=555047.36, turnover=0.0, open_interest=0.0, open_price=10.96, high_price=10.99, low_price=10.9, close_price=10.91)
2026-02-13 16:36:32,362 - quant-vnpy.backtest.engine - INFO - backtest_engine.py:100 -  回测完成，成交记录数量: 3
2026-02-13 16:36:32,376 - quant-vnpy.backtest.engine - INFO - backtest_engine.py:91 -  开始运行回测，历史数据数量: 5
2026-02-13 16:36:32,376 - quant-vnpy.backtest.engine - INFO - backtest_engine.py:95 -  第一条数据: BarData(gateway_name='DB', extra=None, symbol='000001', exchange=<Exchange.SZSE: 'SZSE'>, datetime=datetime.datetime(2026, 2, 9, 0, 0, tzinfo=zoneinfo.ZoneInfo(key='Asia/Shanghai')), interval=<Interval.DAILY: 'd'>, volume=619716.7, turnover=0.0, open_interest=0.0, open_price=11.05, high_price=11.11, low_price=11.01, close_price=11.07)
2026-02-13 16:36:32,377 - quant-vnpy.backtest.engine - INFO - backtest_engine.py:96 -  最后一条数据: BarData(gateway_name='DB', extra=None, symbol='000001', exchange=<Exchange.SZSE: 'SZSE'>, datetime=datetime.datetime(2026, 2, 13, 0, 0, tzinfo=zoneinfo.ZoneInfo(key='Asia/Shanghai')), interval=<Interval.DAILY: 'd'>, volume=555047.36, turnover=0.0, open_interest=0.0, open_price=10.96, high_price=10.99, low_price=10.9, close_price=10.91)
2026-02-13 16:36:32,381 - quant-vnpy.backtest.engine - INFO - backtest_engine.py:100 -  回测完成，成交记录数量: 2
